  [1m[35m (520.6ms)[0m  [1m[35mCREATE DATABASE "ggoals_app_development" ENCODING = 'unicode'[0m
  ↳ bin/rails:9
  [1m[35m (437.2ms)[0m  [1m[35mCREATE DATABASE "ggoals_app_test" ENCODING = 'unicode'[0m
  ↳ bin/rails:9
  [1m[35m (3.4ms)[0m  [1m[35mCREATE DATABASE "ggoals_app_development" ENCODING = 'unicode'[0m
  ↳ bin/rails:9
  [1m[35m (1.1ms)[0m  [1m[35mCREATE DATABASE "ggoals_app_test" ENCODING = 'unicode'[0m
  ↳ bin/rails:9
  [1m[35m (1.2ms)[0m  [1m[35mCREATE DATABASE "ggoals_app_development" ENCODING = 'unicode'[0m
  ↳ bin/rails:9
  [1m[35m (1.1ms)[0m  [1m[35mCREATE DATABASE "ggoals_app_test" ENCODING = 'unicode'[0m
  ↳ bin/rails:9
  [1m[35m (19.8ms)[0m  [1m[35mCREATE TABLE "schema_migrations" ("version" character varying NOT NULL PRIMARY KEY)[0m
  ↳ bin/rails:9
  [1m[35m (41.7ms)[0m  [1m[35mCREATE TABLE "ar_internal_metadata" ("key" character varying NOT NULL PRIMARY KEY, "value" character varying, "created_at" timestamp NOT NULL, "updated_at" timestamp NOT NULL)[0m
  ↳ bin/rails:9
  [1m[35m (0.6ms)[0m  [1m[34mSELECT pg_try_advisory_lock(6006084336571861395)[0m
  ↳ bin/rails:9
  [1m[35m (1.5ms)[0m  [1m[34mSELECT "schema_migrations"."version" FROM "schema_migrations" ORDER BY "schema_migrations"."version" ASC[0m
  ↳ bin/rails:9
Migrating to CreateUsers (20190303002427)
  [1m[35m (0.2ms)[0m  [1m[35mBEGIN[0m
  ↳ bin/rails:9
  [1m[35m (51.1ms)[0m  [1m[35mCREATE TABLE "users" ("id" bigserial primary key, "email" character varying NOT NULL, "password_digest" character varying NOT NULL, "session_token" character varying NOT NULL, "created_at" timestamp NOT NULL, "updated_at" timestamp NOT NULL)[0m
  ↳ db/migrate/20190303002427_create_users.rb:3
  [1m[35m (1.3ms)[0m  [1m[35mCREATE  INDEX  "index_users_on_session_token" ON "users"  ("session_token")[0m
  ↳ db/migrate/20190303002427_create_users.rb:10
  [1m[36mActiveRecord::SchemaMigration Create (0.6ms)[0m  [1m[32mINSERT INTO "schema_migrations" ("version") VALUES ($1) RETURNING "version"[0m  [["version", "20190303002427"]]
  ↳ bin/rails:9
  [1m[35m (0.4ms)[0m  [1m[35mCOMMIT[0m
  ↳ bin/rails:9
  [1m[36mActiveRecord::InternalMetadata Load (0.6ms)[0m  [1m[34mSELECT  "ar_internal_metadata".* FROM "ar_internal_metadata" WHERE "ar_internal_metadata"."key" = $1 LIMIT $2[0m  [["key", "environment"], ["LIMIT", 1]]
  ↳ bin/rails:9
  [1m[35m (0.1ms)[0m  [1m[35mBEGIN[0m
  ↳ bin/rails:9
  [1m[36mActiveRecord::InternalMetadata Create (0.6ms)[0m  [1m[32mINSERT INTO "ar_internal_metadata" ("key", "value", "created_at", "updated_at") VALUES ($1, $2, $3, $4) RETURNING "key"[0m  [["key", "environment"], ["value", "development"], ["created_at", "2019-03-03 00:35:37.975561"], ["updated_at", "2019-03-03 00:35:37.975561"]]
  ↳ bin/rails:9
  [1m[35m (0.4ms)[0m  [1m[35mCOMMIT[0m
  ↳ bin/rails:9
  [1m[35m (0.3ms)[0m  [1m[34mSELECT pg_advisory_unlock(6006084336571861395)[0m
  ↳ bin/rails:9
  [1m[35m (0.3ms)[0m  [1m[34mSELECT "schema_migrations"."version" FROM "schema_migrations" ORDER BY "schema_migrations"."version" ASC[0m
  ↳ bin/rails:9
Started GET "/cats" for 127.0.0.1 at 2019-03-02 20:59:50 -0800
  [1m[35m (2.0ms)[0m  [1m[34mSELECT "schema_migrations"."version" FROM "schema_migrations" ORDER BY "schema_migrations"."version" ASC[0m
  ↳ /Users/arash/.rbenv/versions/2.5.1/lib/ruby/gems/2.5.0/gems/activerecord-5.2.2/lib/active_record/log_subscriber.rb:98
  
ActionController::RoutingError (No route matches [GET] "/cats"):
  
actionpack (5.2.2) lib/action_dispatch/middleware/debug_exceptions.rb:65:in `call'
web-console (3.7.0) lib/web_console/middleware.rb:135:in `call_app'
web-console (3.7.0) lib/web_console/middleware.rb:30:in `block in call'
web-console (3.7.0) lib/web_console/middleware.rb:20:in `catch'
web-console (3.7.0) lib/web_console/middleware.rb:20:in `call'
actionpack (5.2.2) lib/action_dispatch/middleware/show_exceptions.rb:33:in `call'
railties (5.2.2) lib/rails/rack/logger.rb:38:in `call_app'
railties (5.2.2) lib/rails/rack/logger.rb:26:in `block in call'
activesupport (5.2.2) lib/active_support/tagged_logging.rb:71:in `block in tagged'
activesupport (5.2.2) lib/active_support/tagged_logging.rb:28:in `tagged'
activesupport (5.2.2) lib/active_support/tagged_logging.rb:71:in `tagged'
railties (5.2.2) lib/rails/rack/logger.rb:26:in `call'
sprockets-rails (3.2.1) lib/sprockets/rails/quiet_assets.rb:13:in `call'
actionpack (5.2.2) lib/action_dispatch/middleware/remote_ip.rb:81:in `call'
actionpack (5.2.2) lib/action_dispatch/middleware/request_id.rb:27:in `call'
rack (2.0.6) lib/rack/method_override.rb:22:in `call'
rack (2.0.6) lib/rack/runtime.rb:22:in `call'
activesupport (5.2.2) lib/active_support/cache/strategy/local_cache_middleware.rb:29:in `call'
actionpack (5.2.2) lib/action_dispatch/middleware/executor.rb:14:in `call'
actionpack (5.2.2) lib/action_dispatch/middleware/static.rb:127:in `call'
rack (2.0.6) lib/rack/sendfile.rb:111:in `call'
railties (5.2.2) lib/rails/engine.rb:524:in `call'
puma (3.12.0) lib/puma/configuration.rb:225:in `call'
puma (3.12.0) lib/puma/server.rb:658:in `handle_request'
puma (3.12.0) lib/puma/server.rb:472:in `process_client'
puma (3.12.0) lib/puma/server.rb:332:in `block in run'
puma (3.12.0) lib/puma/thread_pool.rb:133:in `block in spawn_thread'
Started GET "/users/new" for 127.0.0.1 at 2019-03-02 20:59:51 -0800
Processing by UsersController#new as HTML
  Rendering users/new.html.erb within layouts/application
  Rendered users/new.html.erb within layouts/application (0.7ms)
Completed 200 OK in 347ms (Views: 322.8ms | ActiveRecord: 9.5ms)


Started POST "/users" for 127.0.0.1 at 2019-03-02 21:00:10 -0800
Processing by UsersController#create as HTML
  Parameters: {"authenticity_token"=>"KOQ5E4Z+njXCX2s+2Y/MfhVHBdAKXPW+tLQD2F9B4DAMrI2juEVzWdaYA4ss8JQbNzANeX8aHZqoplFzpYxCkA==", "user"=>{"email"=>"test1@pdx.com", "password"=>"[FILTERED]"}}
  [1m[35m (0.2ms)[0m  [1m[35mBEGIN[0m
  ↳ app/controllers/users_controller.rb:10
  [1m[36mUser Exists (39.9ms)[0m  [1m[34mSELECT  1 AS one FROM "users" WHERE "users"."email" = $1 LIMIT $2[0m  [["email", "test1@pdx.com"], ["LIMIT", 1]]
  ↳ app/controllers/users_controller.rb:10
  [1m[36mUser Create (1.6ms)[0m  [1m[32mINSERT INTO "users" ("email", "password_digest", "session_token", "created_at", "updated_at") VALUES ($1, $2, $3, $4, $5) RETURNING "id"[0m  [["email", "test1@pdx.com"], ["password_digest", "$2a$10$NlruFH1lF43WxkRxa8bzPuv0218aanl92qt5dUuPPhNfDQqHz/Ury"], ["session_token", "cTe7fVHjZs63GdO-sfgb6A"], ["created_at", "2019-03-03 05:00:10.286221"], ["updated_at", "2019-03-03 05:00:10.286221"]]
  ↳ app/controllers/users_controller.rb:10
  [1m[35m (2.8ms)[0m  [1m[35mCOMMIT[0m
  ↳ app/controllers/users_controller.rb:10
  Rendering users/show.html.erb within layouts/application
  Rendered users/show.html.erb within layouts/application (0.5ms)
Completed 200 OK in 139ms (Views: 20.7ms | ActiveRecord: 44.5ms)


Started GET "/users" for 127.0.0.1 at 2019-03-02 21:00:38 -0800
Processing by UsersController#index as HTML
  Rendering users/index.html.erb within layouts/application
  [1m[36mUser Load (0.4ms)[0m  [1m[34mSELECT "users".* FROM "users"[0m
  ↳ app/views/users/index.html.erb:4
  Rendered users/index.html.erb within layouts/application (13.4ms)
Completed 200 OK in 34ms (Views: 32.9ms | ActiveRecord: 0.4ms)


Started GET "/users/1" for 127.0.0.1 at 2019-03-02 21:00:45 -0800
Processing by UsersController#show as HTML
  Parameters: {"id"=>"1"}
Completed 500 Internal Server Error in 2ms (ActiveRecord: 0.0ms)



NoMethodError - undefined method `[]' for nil:NilClass:
  app/controllers/users_controller.rb:20:in `show'

Started POST "/__better_errors/b14c990054e3f22a/variables" for 127.0.0.1 at 2019-03-02 21:00:45 -0800
Started GET "/users/1" for 127.0.0.1 at 2019-03-02 21:00:59 -0800
Processing by UsersController#show as HTML
  Parameters: {"id"=>"1"}
Completed 500 Internal Server Error in 5ms (ActiveRecord: 0.0ms)



NoMethodError - undefined method `[]' for nil:NilClass:
  app/controllers/users_controller.rb:20:in `show'

Started POST "/__better_errors/a9363dd53c09d5c7/variables" for 127.0.0.1 at 2019-03-02 21:00:59 -0800
Started GET "/user/1" for 127.0.0.1 at 2019-03-02 21:01:02 -0800
  
ActionController::RoutingError (No route matches [GET] "/user/1"):
  
actionpack (5.2.2) lib/action_dispatch/middleware/debug_exceptions.rb:65:in `call'
web-console (3.7.0) lib/web_console/middleware.rb:135:in `call_app'
web-console (3.7.0) lib/web_console/middleware.rb:30:in `block in call'
web-console (3.7.0) lib/web_console/middleware.rb:20:in `catch'
web-console (3.7.0) lib/web_console/middleware.rb:20:in `call'
actionpack (5.2.2) lib/action_dispatch/middleware/show_exceptions.rb:33:in `call'
railties (5.2.2) lib/rails/rack/logger.rb:38:in `call_app'
railties (5.2.2) lib/rails/rack/logger.rb:26:in `block in call'
activesupport (5.2.2) lib/active_support/tagged_logging.rb:71:in `block in tagged'
activesupport (5.2.2) lib/active_support/tagged_logging.rb:28:in `tagged'
activesupport (5.2.2) lib/active_support/tagged_logging.rb:71:in `tagged'
railties (5.2.2) lib/rails/rack/logger.rb:26:in `call'
sprockets-rails (3.2.1) lib/sprockets/rails/quiet_assets.rb:13:in `call'
actionpack (5.2.2) lib/action_dispatch/middleware/remote_ip.rb:81:in `call'
actionpack (5.2.2) lib/action_dispatch/middleware/request_id.rb:27:in `call'
rack (2.0.6) lib/rack/method_override.rb:22:in `call'
rack (2.0.6) lib/rack/runtime.rb:22:in `call'
activesupport (5.2.2) lib/active_support/cache/strategy/local_cache_middleware.rb:29:in `call'
actionpack (5.2.2) lib/action_dispatch/middleware/executor.rb:14:in `call'
actionpack (5.2.2) lib/action_dispatch/middleware/static.rb:127:in `call'
rack (2.0.6) lib/rack/sendfile.rb:111:in `call'
railties (5.2.2) lib/rails/engine.rb:524:in `call'
puma (3.12.0) lib/puma/configuration.rb:225:in `call'
puma (3.12.0) lib/puma/server.rb:658:in `handle_request'
puma (3.12.0) lib/puma/server.rb:472:in `process_client'
puma (3.12.0) lib/puma/server.rb:332:in `block in run'
puma (3.12.0) lib/puma/thread_pool.rb:133:in `block in spawn_thread'
Started GET "/users/1" for 127.0.0.1 at 2019-03-02 21:01:18 -0800
Processing by UsersController#show as HTML
  Parameters: {"id"=>"1"}
Completed 500 Internal Server Error in 4ms (ActiveRecord: 0.0ms)



NoMethodError - undefined method `[]' for nil:NilClass:
  app/controllers/users_controller.rb:20:in `show'

Started POST "/__better_errors/644da287afcc47c2/variables" for 127.0.0.1 at 2019-03-02 21:01:18 -0800
Started GET "/users/1" for 127.0.0.1 at 2019-03-02 21:02:02 -0800
Processing by UsersController#show as HTML
  Parameters: {"id"=>"1"}
  [1m[36mUser Load (2.3ms)[0m  [1m[34mSELECT  "users".* FROM "users" WHERE "users"."id" = $1 LIMIT $2[0m  [["id", 1], ["LIMIT", 1]]
  ↳ app/controllers/users_controller.rb:19
  Rendering users/show.html.erb within layouts/application
  Rendered users/show.html.erb within layouts/application (0.5ms)
Completed 200 OK in 132ms (Views: 77.2ms | ActiveRecord: 29.7ms)


Started GET "/users/1" for 127.0.0.1 at 2019-03-02 21:02:14 -0800
Processing by UsersController#show as HTML
  Parameters: {"id"=>"1"}
  [1m[36mUser Load (0.5ms)[0m  [1m[34mSELECT  "users".* FROM "users" WHERE "users"."id" = $1 LIMIT $2[0m  [["id", 1], ["LIMIT", 1]]
  ↳ app/controllers/users_controller.rb:19
  Rendering users/show.html.erb within layouts/application
  Rendered users/show.html.erb within layouts/application (0.4ms)
Completed 200 OK in 30ms (Views: 27.4ms | ActiveRecord: 0.5ms)


Started GET "/users/new" for 127.0.0.1 at 2019-03-02 21:08:10 -0800
Processing by UsersController#new as HTML
  Rendering users/new.html.erb within layouts/application
  Rendered users/new.html.erb within layouts/application (0.7ms)
Completed 200 OK in 100ms (Views: 35.8ms | ActiveRecord: 53.6ms)


Started GET "/users/new" for 127.0.0.1 at 2019-03-04 17:40:47 -0800
  [1m[35m (1.1ms)[0m  [1m[34mSELECT "schema_migrations"."version" FROM "schema_migrations" ORDER BY "schema_migrations"."version" ASC[0m
  ↳ /Users/arash/.rbenv/versions/2.5.1/lib/ruby/gems/2.5.0/gems/activerecord-5.2.2/lib/active_record/log_subscriber.rb:98
Processing by UsersController#new as HTML
  Rendering users/new.html.erb within layouts/application
  Rendered users/new.html.erb within layouts/application (1.6ms)
Completed 200 OK in 241ms (Views: 214.9ms | ActiveRecord: 7.8ms)


Started POST "/users" for 127.0.0.1 at 2019-03-04 17:40:50 -0800
Processing by UsersController#create as HTML
  Parameters: {"authenticity_token"=>"F+ay4czRLO1XpZA1AAzGN7EKkjRomtAJmYH4tI/0Wg8zrgZR8urBgUNi+ID1c55Sk32anR3cOC2Fk6ofdTn4rw==", "user"=>{"email"=>"test1@pdx.com", "password"=>"[FILTERED]"}}
  [1m[35m (0.2ms)[0m  [1m[35mBEGIN[0m
  ↳ app/controllers/users_controller.rb:10
  [1m[36mUser Exists (2.3ms)[0m  [1m[34mSELECT  1 AS one FROM "users" WHERE "users"."email" = $1 LIMIT $2[0m  [["email", "test1@pdx.com"], ["LIMIT", 1]]
  ↳ app/controllers/users_controller.rb:10
  [1m[35m (0.3ms)[0m  [1m[31mROLLBACK[0m
  ↳ app/controllers/users_controller.rb:10
  Rendering users/new.html.erb within layouts/application
  Rendered users/new.html.erb within layouts/application (4.1ms)
Completed 200 OK in 148ms (Views: 56.7ms | ActiveRecord: 2.8ms)


Started POST "/users" for 127.0.0.1 at 2019-03-04 17:40:52 -0800
Processing by UsersController#create as HTML
  Parameters: {"authenticity_token"=>"hEdajLSwC81Zsjaspo2Mg+PC9+nSwjAmE1chjFb8EX+gD+48iovmoU11XhlT8tTmwbX/QKeE2AIPRXMnrDGz3w==", "user"=>{"email"=>"test1@pdx.com", "password"=>"[FILTERED]"}}
  [1m[35m (0.2ms)[0m  [1m[35mBEGIN[0m
  ↳ app/controllers/users_controller.rb:10
  [1m[36mUser Exists (0.4ms)[0m  [1m[34mSELECT  1 AS one FROM "users" WHERE "users"."email" = $1 LIMIT $2[0m  [["email", "test1@pdx.com"], ["LIMIT", 1]]
  ↳ app/controllers/users_controller.rb:10
  [1m[35m (0.2ms)[0m  [1m[31mROLLBACK[0m
  ↳ app/controllers/users_controller.rb:10
  Rendering users/new.html.erb within layouts/application
  Rendered users/new.html.erb within layouts/application (0.4ms)
Completed 200 OK in 87ms (Views: 17.4ms | ActiveRecord: 0.8ms)


Started POST "/users" for 127.0.0.1 at 2019-03-04 17:40:53 -0800
Processing by UsersController#create as HTML
  Parameters: {"authenticity_token"=>"oQjPRCcC5JIlZ6WMEFsYaj84wx8JVvw2sy+7xmrqgsaFQHv0GTkJ/jGgzTnlJEAPHU/LtnwQFBKvPeltkCcgZg==", "user"=>{"email"=>"test1@pdx.com", "password"=>"[FILTERED]"}}
  [1m[35m (0.2ms)[0m  [1m[35mBEGIN[0m
  ↳ app/controllers/users_controller.rb:10
  [1m[36mUser Exists (0.5ms)[0m  [1m[34mSELECT  1 AS one FROM "users" WHERE "users"."email" = $1 LIMIT $2[0m  [["email", "test1@pdx.com"], ["LIMIT", 1]]
  ↳ app/controllers/users_controller.rb:10
  [1m[35m (0.2ms)[0m  [1m[31mROLLBACK[0m
  ↳ app/controllers/users_controller.rb:10
  Rendering users/new.html.erb within layouts/application
  Rendered users/new.html.erb within layouts/application (0.5ms)
Completed 200 OK in 87ms (Views: 17.0ms | ActiveRecord: 0.8ms)


Started POST "/users" for 127.0.0.1 at 2019-03-04 17:40:58 -0800
Processing by UsersController#create as HTML
  Parameters: {"authenticity_token"=>"AREqRcVFzENF+Ch5kSDX+9flJil4SwV8irq7BjWjTc8lWZ71+34hL1E/QMxkX4+e9ZIugA0N7ViWqOmtz27vbw==", "user"=>{"email"=>"test1@pdx.com", "password"=>"[FILTERED]"}}
  [1m[35m (0.4ms)[0m  [1m[35mBEGIN[0m
  ↳ app/controllers/users_controller.rb:10
  [1m[36mUser Exists (0.4ms)[0m  [1m[34mSELECT  1 AS one FROM "users" WHERE "users"."email" = $1 LIMIT $2[0m  [["email", "test1@pdx.com"], ["LIMIT", 1]]
  ↳ app/controllers/users_controller.rb:10
  [1m[35m (0.2ms)[0m  [1m[31mROLLBACK[0m
  ↳ app/controllers/users_controller.rb:10
  Rendering users/new.html.erb within layouts/application
  Rendered users/new.html.erb within layouts/application (0.5ms)
Completed 200 OK in 86ms (Views: 17.3ms | ActiveRecord: 0.9ms)


Started POST "/users" for 127.0.0.1 at 2019-03-04 17:41:20 -0800
Processing by UsersController#create as HTML
  Parameters: {"authenticity_token"=>"Kz/R2EgcUGRuwmQ1EtF2zOYKdUJLlDidhOCTeu7OF+gPd2Vodie9CHoFDIDnri6pxH196z7S0LmY8sHRFAO1SA==", "user"=>{"email"=>"test1@pdx.com", "password"=>"[FILTERED]"}}
  [1m[35m (0.2ms)[0m  [1m[35mBEGIN[0m
  ↳ app/controllers/users_controller.rb:10
  [1m[36mUser Exists (0.4ms)[0m  [1m[34mSELECT  1 AS one FROM "users" WHERE "users"."email" = $1 LIMIT $2[0m  [["email", "test1@pdx.com"], ["LIMIT", 1]]
  ↳ app/controllers/users_controller.rb:10
  [1m[35m (0.2ms)[0m  [1m[31mROLLBACK[0m
  ↳ app/controllers/users_controller.rb:10
  Rendering users/new.html.erb within layouts/application
  Rendered users/new.html.erb within layouts/application (0.5ms)
Completed 200 OK in 91ms (Views: 19.4ms | ActiveRecord: 0.8ms)


Started POST "/users" for 127.0.0.1 at 2019-03-04 17:41:21 -0800
Processing by UsersController#create as HTML
  Parameters: {"authenticity_token"=>"bQdqeZMONHuQpn53OBWJx/XPI5J9CkzLCDsm7bfpqrFJT97JrTXZF4RhFsLNatGi17grOwhMpO8UKXRGTSQIEQ==", "user"=>{"email"=>"test1@pdx.com", "password"=>"[FILTERED]"}}
  [1m[35m (0.2ms)[0m  [1m[35mBEGIN[0m
  ↳ app/controllers/users_controller.rb:10
  [1m[36mUser Exists (0.5ms)[0m  [1m[34mSELECT  1 AS one FROM "users" WHERE "users"."email" = $1 LIMIT $2[0m  [["email", "test1@pdx.com"], ["LIMIT", 1]]
  ↳ app/controllers/users_controller.rb:10
  [1m[35m (0.2ms)[0m  [1m[31mROLLBACK[0m
  ↳ app/controllers/users_controller.rb:10
  Rendering users/new.html.erb within layouts/application
  Rendered users/new.html.erb within layouts/application (0.5ms)
Completed 200 OK in 87ms (Views: 16.6ms | ActiveRecord: 0.9ms)


Started POST "/users" for 127.0.0.1 at 2019-03-04 17:41:22 -0800
Processing by UsersController#create as HTML
  Parameters: {"authenticity_token"=>"1+2u8er6C67y6a13Xi2OKuesHNllsS/zl0NgxDXD/mbzpRpB1MHmwuYuxcKrUtZPxdsUcBD3x9eLUTJvzw5cxg==", "user"=>{"email"=>"test1@pdx.com", "password"=>"[FILTERED]"}}
  [1m[35m (0.2ms)[0m  [1m[35mBEGIN[0m
  ↳ app/controllers/users_controller.rb:10
  [1m[36mUser Exists (0.3ms)[0m  [1m[34mSELECT  1 AS one FROM "users" WHERE "users"."email" = $1 LIMIT $2[0m  [["email", "test1@pdx.com"], ["LIMIT", 1]]
  ↳ app/controllers/users_controller.rb:10
  [1m[35m (0.2ms)[0m  [1m[31mROLLBACK[0m
  ↳ app/controllers/users_controller.rb:10
  Rendering users/new.html.erb within layouts/application
  Rendered users/new.html.erb within layouts/application (0.5ms)
Completed 200 OK in 86ms (Views: 17.7ms | ActiveRecord: 0.7ms)


Started GET "/users" for 127.0.0.1 at 2019-03-04 17:42:22 -0800
Processing by UsersController#index as HTML
  Rendering users/index.html.erb within layouts/application
  [1m[36mUser Load (0.3ms)[0m  [1m[34mSELECT "users".* FROM "users"[0m
  ↳ app/views/users/index.html.erb:4
  Rendered users/index.html.erb within layouts/application (16.9ms)
Completed 200 OK in 60ms (Views: 54.6ms | ActiveRecord: 4.4ms)


Started GET "/users/1" for 127.0.0.1 at 2019-03-04 17:42:42 -0800
Processing by UsersController#show as HTML
  Parameters: {"id"=>"1"}
  [1m[36mUser Load (1.6ms)[0m  [1m[34mSELECT  "users".* FROM "users" WHERE "users"."id" = $1 LIMIT $2[0m  [["id", 1], ["LIMIT", 1]]
  ↳ app/controllers/users_controller.rb:19
  Rendering users/show.html.erb within layouts/application
  Rendered users/show.html.erb within layouts/application (0.4ms)
Completed 200 OK in 38ms (Views: 31.9ms | ActiveRecord: 2.6ms)


Started GET "/users/new" for 127.0.0.1 at 2019-03-04 17:42:52 -0800
Processing by UsersController#new as HTML
  Rendering users/new.html.erb within layouts/application
  Rendered users/new.html.erb within layouts/application (1.4ms)
Completed 200 OK in 38ms (Views: 36.4ms | ActiveRecord: 0.0ms)


Started POST "/users" for 127.0.0.1 at 2019-03-04 17:43:06 -0800
Processing by UsersController#create as HTML
  Parameters: {"authenticity_token"=>"YlC4EwZK4HQvSFg7sR8Nq/d1LyVm+rc9Ks7Zp6rJ1FxGGAyjOHENGDuPMI5EYFXO1QInjBO8Xxk23IsMUAR2/A==", "user"=>{"email"=>"test2@pdx.com", "password"=>"[FILTERED]"}}
  [1m[35m (0.2ms)[0m  [1m[35mBEGIN[0m
  ↳ app/controllers/users_controller.rb:10
  [1m[36mUser Exists (0.3ms)[0m  [1m[34mSELECT  1 AS one FROM "users" WHERE "users"."email" = $1 LIMIT $2[0m  [["email", "test2@pdx.com"], ["LIMIT", 1]]
  ↳ app/controllers/users_controller.rb:10
  [1m[36mUser Create (0.9ms)[0m  [1m[32mINSERT INTO "users" ("email", "password_digest", "session_token", "created_at", "updated_at") VALUES ($1, $2, $3, $4, $5) RETURNING "id"[0m  [["email", "test2@pdx.com"], ["password_digest", "$2a$10$jilNMgUKF/ScPLmmTjnsLuqJuxjt5QlHyiVW2DWI1cunPTy5yON/m"], ["session_token", "WT-42huzgAKy4JbXKiJuiA"], ["created_at", "2019-03-05 01:43:06.717751"], ["updated_at", "2019-03-05 01:43:06.717751"]]
  ↳ app/controllers/users_controller.rb:10
  [1m[35m (40.3ms)[0m  [1m[35mCOMMIT[0m
  ↳ app/controllers/users_controller.rb:10
  Rendering users/show.html.erb within layouts/application
  Rendered users/show.html.erb within layouts/application (0.4ms)
Completed 200 OK in 136ms (Views: 24.3ms | ActiveRecord: 41.7ms)


Started GET "/sessions/new" for 127.0.0.1 at 2019-03-04 17:43:32 -0800
Processing by SessionsController#new as HTML
  Rendering sessions/new.html.erb within layouts/application
  Rendered sessions/new.html.erb within layouts/application (0.4ms)
Completed 200 OK in 38ms (Views: 35.9ms | ActiveRecord: 0.0ms)


Started POST "/session" for 127.0.0.1 at 2019-03-04 17:43:35 -0800
  
ActionController::RoutingError (No route matches [POST] "/session"):
  
actionpack (5.2.2) lib/action_dispatch/middleware/debug_exceptions.rb:65:in `call'
web-console (3.7.0) lib/web_console/middleware.rb:135:in `call_app'
web-console (3.7.0) lib/web_console/middleware.rb:30:in `block in call'
web-console (3.7.0) lib/web_console/middleware.rb:20:in `catch'
web-console (3.7.0) lib/web_console/middleware.rb:20:in `call'
actionpack (5.2.2) lib/action_dispatch/middleware/show_exceptions.rb:33:in `call'
railties (5.2.2) lib/rails/rack/logger.rb:38:in `call_app'
railties (5.2.2) lib/rails/rack/logger.rb:26:in `block in call'
activesupport (5.2.2) lib/active_support/tagged_logging.rb:71:in `block in tagged'
activesupport (5.2.2) lib/active_support/tagged_logging.rb:28:in `tagged'
activesupport (5.2.2) lib/active_support/tagged_logging.rb:71:in `tagged'
railties (5.2.2) lib/rails/rack/logger.rb:26:in `call'
sprockets-rails (3.2.1) lib/sprockets/rails/quiet_assets.rb:13:in `call'
actionpack (5.2.2) lib/action_dispatch/middleware/remote_ip.rb:81:in `call'
actionpack (5.2.2) lib/action_dispatch/middleware/request_id.rb:27:in `call'
rack (2.0.6) lib/rack/method_override.rb:22:in `call'
rack (2.0.6) lib/rack/runtime.rb:22:in `call'
activesupport (5.2.2) lib/active_support/cache/strategy/local_cache_middleware.rb:29:in `call'
actionpack (5.2.2) lib/action_dispatch/middleware/executor.rb:14:in `call'
actionpack (5.2.2) lib/action_dispatch/middleware/static.rb:127:in `call'
rack (2.0.6) lib/rack/sendfile.rb:111:in `call'
railties (5.2.2) lib/rails/engine.rb:524:in `call'
puma (3.12.0) lib/puma/configuration.rb:225:in `call'
puma (3.12.0) lib/puma/server.rb:658:in `handle_request'
puma (3.12.0) lib/puma/server.rb:472:in `process_client'
puma (3.12.0) lib/puma/server.rb:332:in `block in run'
puma (3.12.0) lib/puma/thread_pool.rb:133:in `block in spawn_thread'
Started POST "/session" for 127.0.0.1 at 2019-03-04 17:47:36 -0800
  
ActionController::RoutingError (No route matches [POST] "/session"):
  
actionpack (5.2.2) lib/action_dispatch/middleware/debug_exceptions.rb:65:in `call'
web-console (3.7.0) lib/web_console/middleware.rb:135:in `call_app'
web-console (3.7.0) lib/web_console/middleware.rb:30:in `block in call'
web-console (3.7.0) lib/web_console/middleware.rb:20:in `catch'
web-console (3.7.0) lib/web_console/middleware.rb:20:in `call'
actionpack (5.2.2) lib/action_dispatch/middleware/show_exceptions.rb:33:in `call'
railties (5.2.2) lib/rails/rack/logger.rb:38:in `call_app'
railties (5.2.2) lib/rails/rack/logger.rb:26:in `block in call'
activesupport (5.2.2) lib/active_support/tagged_logging.rb:71:in `block in tagged'
activesupport (5.2.2) lib/active_support/tagged_logging.rb:28:in `tagged'
activesupport (5.2.2) lib/active_support/tagged_logging.rb:71:in `tagged'
railties (5.2.2) lib/rails/rack/logger.rb:26:in `call'
sprockets-rails (3.2.1) lib/sprockets/rails/quiet_assets.rb:13:in `call'
actionpack (5.2.2) lib/action_dispatch/middleware/remote_ip.rb:81:in `call'
actionpack (5.2.2) lib/action_dispatch/middleware/request_id.rb:27:in `call'
rack (2.0.6) lib/rack/method_override.rb:22:in `call'
rack (2.0.6) lib/rack/runtime.rb:22:in `call'
activesupport (5.2.2) lib/active_support/cache/strategy/local_cache_middleware.rb:29:in `call'
actionpack (5.2.2) lib/action_dispatch/middleware/executor.rb:14:in `call'
actionpack (5.2.2) lib/action_dispatch/middleware/static.rb:127:in `call'
rack (2.0.6) lib/rack/sendfile.rb:111:in `call'
railties (5.2.2) lib/rails/engine.rb:524:in `call'
puma (3.12.0) lib/puma/configuration.rb:225:in `call'
puma (3.12.0) lib/puma/server.rb:658:in `handle_request'
puma (3.12.0) lib/puma/server.rb:472:in `process_client'
puma (3.12.0) lib/puma/server.rb:332:in `block in run'
puma (3.12.0) lib/puma/thread_pool.rb:133:in `block in spawn_thread'
Started POST "/session" for 127.0.0.1 at 2019-03-04 17:47:58 -0800
  
ActionController::RoutingError (No route matches [POST] "/session"):
  
actionpack (5.2.2) lib/action_dispatch/middleware/debug_exceptions.rb:65:in `call'
web-console (3.7.0) lib/web_console/middleware.rb:135:in `call_app'
web-console (3.7.0) lib/web_console/middleware.rb:30:in `block in call'
web-console (3.7.0) lib/web_console/middleware.rb:20:in `catch'
web-console (3.7.0) lib/web_console/middleware.rb:20:in `call'
actionpack (5.2.2) lib/action_dispatch/middleware/show_exceptions.rb:33:in `call'
railties (5.2.2) lib/rails/rack/logger.rb:38:in `call_app'
railties (5.2.2) lib/rails/rack/logger.rb:26:in `block in call'
activesupport (5.2.2) lib/active_support/tagged_logging.rb:71:in `block in tagged'
activesupport (5.2.2) lib/active_support/tagged_logging.rb:28:in `tagged'
activesupport (5.2.2) lib/active_support/tagged_logging.rb:71:in `tagged'
railties (5.2.2) lib/rails/rack/logger.rb:26:in `call'
sprockets-rails (3.2.1) lib/sprockets/rails/quiet_assets.rb:13:in `call'
actionpack (5.2.2) lib/action_dispatch/middleware/remote_ip.rb:81:in `call'
actionpack (5.2.2) lib/action_dispatch/middleware/request_id.rb:27:in `call'
rack (2.0.6) lib/rack/method_override.rb:22:in `call'
rack (2.0.6) lib/rack/runtime.rb:22:in `call'
activesupport (5.2.2) lib/active_support/cache/strategy/local_cache_middleware.rb:29:in `call'
actionpack (5.2.2) lib/action_dispatch/middleware/executor.rb:14:in `call'
actionpack (5.2.2) lib/action_dispatch/middleware/static.rb:127:in `call'
rack (2.0.6) lib/rack/sendfile.rb:111:in `call'
railties (5.2.2) lib/rails/engine.rb:524:in `call'
puma (3.12.0) lib/puma/configuration.rb:225:in `call'
puma (3.12.0) lib/puma/server.rb:658:in `handle_request'
puma (3.12.0) lib/puma/server.rb:472:in `process_client'
puma (3.12.0) lib/puma/server.rb:332:in `block in run'
puma (3.12.0) lib/puma/thread_pool.rb:133:in `block in spawn_thread'
Started POST "/session" for 127.0.0.1 at 2019-03-04 17:48:01 -0800
  
ActionController::RoutingError (No route matches [POST] "/session"):
  
actionpack (5.2.2) lib/action_dispatch/middleware/debug_exceptions.rb:65:in `call'
web-console (3.7.0) lib/web_console/middleware.rb:135:in `call_app'
web-console (3.7.0) lib/web_console/middleware.rb:30:in `block in call'
web-console (3.7.0) lib/web_console/middleware.rb:20:in `catch'
web-console (3.7.0) lib/web_console/middleware.rb:20:in `call'
actionpack (5.2.2) lib/action_dispatch/middleware/show_exceptions.rb:33:in `call'
railties (5.2.2) lib/rails/rack/logger.rb:38:in `call_app'
railties (5.2.2) lib/rails/rack/logger.rb:26:in `block in call'
activesupport (5.2.2) lib/active_support/tagged_logging.rb:71:in `block in tagged'
activesupport (5.2.2) lib/active_support/tagged_logging.rb:28:in `tagged'
activesupport (5.2.2) lib/active_support/tagged_logging.rb:71:in `tagged'
railties (5.2.2) lib/rails/rack/logger.rb:26:in `call'
sprockets-rails (3.2.1) lib/sprockets/rails/quiet_assets.rb:13:in `call'
actionpack (5.2.2) lib/action_dispatch/middleware/remote_ip.rb:81:in `call'
actionpack (5.2.2) lib/action_dispatch/middleware/request_id.rb:27:in `call'
rack (2.0.6) lib/rack/method_override.rb:22:in `call'
rack (2.0.6) lib/rack/runtime.rb:22:in `call'
activesupport (5.2.2) lib/active_support/cache/strategy/local_cache_middleware.rb:29:in `call'
actionpack (5.2.2) lib/action_dispatch/middleware/executor.rb:14:in `call'
actionpack (5.2.2) lib/action_dispatch/middleware/static.rb:127:in `call'
rack (2.0.6) lib/rack/sendfile.rb:111:in `call'
railties (5.2.2) lib/rails/engine.rb:524:in `call'
puma (3.12.0) lib/puma/configuration.rb:225:in `call'
puma (3.12.0) lib/puma/server.rb:658:in `handle_request'
puma (3.12.0) lib/puma/server.rb:472:in `process_client'
puma (3.12.0) lib/puma/server.rb:332:in `block in run'
puma (3.12.0) lib/puma/thread_pool.rb:133:in `block in spawn_thread'
Started POST "/session" for 127.0.0.1 at 2019-03-04 17:48:50 -0800
  
ActionController::RoutingError (No route matches [POST] "/session"):
  
actionpack (5.2.2) lib/action_dispatch/middleware/debug_exceptions.rb:65:in `call'
web-console (3.7.0) lib/web_console/middleware.rb:135:in `call_app'
web-console (3.7.0) lib/web_console/middleware.rb:30:in `block in call'
web-console (3.7.0) lib/web_console/middleware.rb:20:in `catch'
web-console (3.7.0) lib/web_console/middleware.rb:20:in `call'
actionpack (5.2.2) lib/action_dispatch/middleware/show_exceptions.rb:33:in `call'
railties (5.2.2) lib/rails/rack/logger.rb:38:in `call_app'
railties (5.2.2) lib/rails/rack/logger.rb:26:in `block in call'
activesupport (5.2.2) lib/active_support/tagged_logging.rb:71:in `block in tagged'
activesupport (5.2.2) lib/active_support/tagged_logging.rb:28:in `tagged'
activesupport (5.2.2) lib/active_support/tagged_logging.rb:71:in `tagged'
railties (5.2.2) lib/rails/rack/logger.rb:26:in `call'
sprockets-rails (3.2.1) lib/sprockets/rails/quiet_assets.rb:13:in `call'
actionpack (5.2.2) lib/action_dispatch/middleware/remote_ip.rb:81:in `call'
actionpack (5.2.2) lib/action_dispatch/middleware/request_id.rb:27:in `call'
rack (2.0.6) lib/rack/method_override.rb:22:in `call'
rack (2.0.6) lib/rack/runtime.rb:22:in `call'
activesupport (5.2.2) lib/active_support/cache/strategy/local_cache_middleware.rb:29:in `call'
actionpack (5.2.2) lib/action_dispatch/middleware/executor.rb:14:in `call'
actionpack (5.2.2) lib/action_dispatch/middleware/static.rb:127:in `call'
rack (2.0.6) lib/rack/sendfile.rb:111:in `call'
railties (5.2.2) lib/rails/engine.rb:524:in `call'
puma (3.12.0) lib/puma/configuration.rb:225:in `call'
puma (3.12.0) lib/puma/server.rb:658:in `handle_request'
puma (3.12.0) lib/puma/server.rb:472:in `process_client'
puma (3.12.0) lib/puma/server.rb:332:in `block in run'
puma (3.12.0) lib/puma/thread_pool.rb:133:in `block in spawn_thread'
Started POST "/session" for 127.0.0.1 at 2019-03-04 17:49:39 -0800
  
ActionController::RoutingError (No route matches [POST] "/session"):
  
actionpack (5.2.2) lib/action_dispatch/middleware/debug_exceptions.rb:65:in `call'
web-console (3.7.0) lib/web_console/middleware.rb:135:in `call_app'
web-console (3.7.0) lib/web_console/middleware.rb:30:in `block in call'
web-console (3.7.0) lib/web_console/middleware.rb:20:in `catch'
web-console (3.7.0) lib/web_console/middleware.rb:20:in `call'
actionpack (5.2.2) lib/action_dispatch/middleware/show_exceptions.rb:33:in `call'
railties (5.2.2) lib/rails/rack/logger.rb:38:in `call_app'
railties (5.2.2) lib/rails/rack/logger.rb:26:in `block in call'
activesupport (5.2.2) lib/active_support/tagged_logging.rb:71:in `block in tagged'
activesupport (5.2.2) lib/active_support/tagged_logging.rb:28:in `tagged'
activesupport (5.2.2) lib/active_support/tagged_logging.rb:71:in `tagged'
railties (5.2.2) lib/rails/rack/logger.rb:26:in `call'
sprockets-rails (3.2.1) lib/sprockets/rails/quiet_assets.rb:13:in `call'
actionpack (5.2.2) lib/action_dispatch/middleware/remote_ip.rb:81:in `call'
actionpack (5.2.2) lib/action_dispatch/middleware/request_id.rb:27:in `call'
rack (2.0.6) lib/rack/method_override.rb:22:in `call'
rack (2.0.6) lib/rack/runtime.rb:22:in `call'
activesupport (5.2.2) lib/active_support/cache/strategy/local_cache_middleware.rb:29:in `call'
actionpack (5.2.2) lib/action_dispatch/middleware/executor.rb:14:in `call'
actionpack (5.2.2) lib/action_dispatch/middleware/static.rb:127:in `call'
rack (2.0.6) lib/rack/sendfile.rb:111:in `call'
railties (5.2.2) lib/rails/engine.rb:524:in `call'
puma (3.12.0) lib/puma/configuration.rb:225:in `call'
puma (3.12.0) lib/puma/server.rb:658:in `handle_request'
puma (3.12.0) lib/puma/server.rb:472:in `process_client'
puma (3.12.0) lib/puma/server.rb:332:in `block in run'
puma (3.12.0) lib/puma/thread_pool.rb:133:in `block in spawn_thread'
Started GET "/sessions/new" for 127.0.0.1 at 2019-03-04 17:50:24 -0800
  
ActionController::RoutingError (No route matches [GET] "/sessions/new"):
  
actionpack (5.2.2) lib/action_dispatch/middleware/debug_exceptions.rb:65:in `call'
web-console (3.7.0) lib/web_console/middleware.rb:135:in `call_app'
web-console (3.7.0) lib/web_console/middleware.rb:30:in `block in call'
web-console (3.7.0) lib/web_console/middleware.rb:20:in `catch'
web-console (3.7.0) lib/web_console/middleware.rb:20:in `call'
actionpack (5.2.2) lib/action_dispatch/middleware/show_exceptions.rb:33:in `call'
railties (5.2.2) lib/rails/rack/logger.rb:38:in `call_app'
railties (5.2.2) lib/rails/rack/logger.rb:26:in `block in call'
activesupport (5.2.2) lib/active_support/tagged_logging.rb:71:in `block in tagged'
activesupport (5.2.2) lib/active_support/tagged_logging.rb:28:in `tagged'
activesupport (5.2.2) lib/active_support/tagged_logging.rb:71:in `tagged'
railties (5.2.2) lib/rails/rack/logger.rb:26:in `call'
sprockets-rails (3.2.1) lib/sprockets/rails/quiet_assets.rb:13:in `call'
actionpack (5.2.2) lib/action_dispatch/middleware/remote_ip.rb:81:in `call'
actionpack (5.2.2) lib/action_dispatch/middleware/request_id.rb:27:in `call'
rack (2.0.6) lib/rack/method_override.rb:22:in `call'
rack (2.0.6) lib/rack/runtime.rb:22:in `call'
activesupport (5.2.2) lib/active_support/cache/strategy/local_cache_middleware.rb:29:in `call'
actionpack (5.2.2) lib/action_dispatch/middleware/executor.rb:14:in `call'
actionpack (5.2.2) lib/action_dispatch/middleware/static.rb:127:in `call'
rack (2.0.6) lib/rack/sendfile.rb:111:in `call'
railties (5.2.2) lib/rails/engine.rb:524:in `call'
puma (3.12.0) lib/puma/configuration.rb:225:in `call'
puma (3.12.0) lib/puma/server.rb:658:in `handle_request'
puma (3.12.0) lib/puma/server.rb:472:in `process_client'
puma (3.12.0) lib/puma/server.rb:332:in `block in run'
puma (3.12.0) lib/puma/thread_pool.rb:133:in `block in spawn_thread'
Started GET "/session/new" for 127.0.0.1 at 2019-03-04 17:50:44 -0800
Processing by SessionsController#new as HTML
  Rendering sessions/new.html.erb within layouts/application
  Rendered sessions/new.html.erb within layouts/application (0.6ms)
Completed 200 OK in 26ms (Views: 25.0ms | ActiveRecord: 0.0ms)


Started POST "/session" for 127.0.0.1 at 2019-03-04 17:50:48 -0800
Processing by SessionsController#create as HTML
  Parameters: {"authenticity_token"=>"ktbU1933z8RmLRNRqMzbpSUmo8tziSnH+8iulimQ2Oq2nmBn48wiqHLqe+Rds4PAB1GrYgbPwePn2vw90116Sg==", "user"=>{"email"=>"test2@pdx.com", "password"=>"[FILTERED]"}}
  [1m[36mUser Load (0.4ms)[0m  [1m[34mSELECT  "users".* FROM "users" WHERE "users"."email" = $1 LIMIT $2[0m  [["email", "test2@pdx.com"], ["LIMIT", 1]]
  ↳ app/models/user.rb:13
Redirected to http://localhost:3000/users/2
Completed 302 Found in 85ms (ActiveRecord: 8.5ms)


Started GET "/users/2" for 127.0.0.1 at 2019-03-04 17:50:48 -0800
Processing by UsersController#show as HTML
  Parameters: {"id"=>"2"}
  [1m[36mUser Load (0.4ms)[0m  [1m[34mSELECT  "users".* FROM "users" WHERE "users"."id" = $1 LIMIT $2[0m  [["id", 2], ["LIMIT", 1]]
  ↳ app/controllers/users_controller.rb:19
  Rendering users/show.html.erb within layouts/application
  Rendered users/show.html.erb within layouts/application (0.4ms)
Completed 200 OK in 23ms (Views: 21.4ms | ActiveRecord: 0.4ms)


Started POST "/session" for 127.0.0.1 at 2019-03-04 17:50:50 -0800
Processing by SessionsController#create as HTML
  Parameters: {"authenticity_token"=>"ktbU1933z8RmLRNRqMzbpSUmo8tziSnH+8iulimQ2Oq2nmBn48wiqHLqe+Rds4PAB1GrYgbPwePn2vw90116Sg==", "user"=>{"email"=>"test2@pdx.com", "password"=>"[FILTERED]"}}
  [1m[36mUser Load (0.5ms)[0m  [1m[34mSELECT  "users".* FROM "users" WHERE "users"."email" = $1 LIMIT $2[0m  [["email", "test2@pdx.com"], ["LIMIT", 1]]
  ↳ app/models/user.rb:13
Redirected to http://localhost:3000/users/2
Completed 302 Found in 68ms (ActiveRecord: 0.5ms)


Started GET "/users/2" for 127.0.0.1 at 2019-03-04 17:50:51 -0800
Processing by UsersController#show as HTML
  Parameters: {"id"=>"2"}
  [1m[36mUser Load (0.4ms)[0m  [1m[34mSELECT  "users".* FROM "users" WHERE "users"."id" = $1 LIMIT $2[0m  [["id", 2], ["LIMIT", 1]]
  ↳ app/controllers/users_controller.rb:19
  Rendering users/show.html.erb within layouts/application
  Rendered users/show.html.erb within layouts/application (0.5ms)
Completed 200 OK in 21ms (Views: 19.7ms | ActiveRecord: 0.4ms)


Started POST "/session" for 127.0.0.1 at 2019-03-04 17:56:52 -0800
Processing by SessionsController#create as HTML
  Parameters: {"authenticity_token"=>"ktbU1933z8RmLRNRqMzbpSUmo8tziSnH+8iulimQ2Oq2nmBn48wiqHLqe+Rds4PAB1GrYgbPwePn2vw90116Sg==", "user"=>{"email"=>"test2@pdx.com", "password"=>"[FILTERED]"}}
Completed 500 Internal Server Error in 2ms (ActiveRecord: 0.0ms)



RuntimeError - :
  app/controllers/sessions_controller.rb:8:in `create'

Started POST "/__better_errors/dbd633debb1bac82/variables" for 127.0.0.1 at 2019-03-04 17:56:52 -0800
Started POST "/__better_errors/dbd633debb1bac82/eval" for 127.0.0.1 at 2019-03-04 17:56:56 -0800
Started POST "/session" for 127.0.0.1 at 2019-03-04 18:02:50 -0800

SyntaxError - syntax error, unexpected ':', expecting keyword_end
    render: new
          ^:
  app/controllers/sessions_controller.rb:23:in `'

Started POST "/__better_errors/9e68264a8cc5a770/variables" for 127.0.0.1 at 2019-03-04 18:02:50 -0800
Started GET "/session/new" for 127.0.0.1 at 2019-03-04 18:11:20 -0800

SyntaxError - syntax error, unexpected ':', expecting keyword_end
    render: new
          ^:
  app/controllers/sessions_controller.rb:23:in `'

Started POST "/__better_errors/1944bdfd3b84f289/variables" for 127.0.0.1 at 2019-03-04 18:11:20 -0800
Started GET "/session/new" for 127.0.0.1 at 2019-03-04 18:11:34 -0800
Processing by SessionsController#new as HTML
  Rendering sessions/new.html.erb within layouts/application
  Rendered sessions/new.html.erb within layouts/application (1.0ms)
Completed 200 OK in 40ms (Views: 39.0ms | ActiveRecord: 0.0ms)


Started GET "/session?authenticity_token=6jcPFpi9OnqWc7b6MNECIUWXnjG7lRjOkJAcw2n4CNjOf7umpobXFoK03k%2FFrlpEZ%2BCWmM7T8OqMgk5okzWqeA%3D%3D" for 127.0.0.1 at 2019-03-04 18:11:37 -0800
  
ActionController::RoutingError (No route matches [GET] "/session"):
  
actionpack (5.2.2) lib/action_dispatch/middleware/debug_exceptions.rb:65:in `call'
web-console (3.7.0) lib/web_console/middleware.rb:135:in `call_app'
web-console (3.7.0) lib/web_console/middleware.rb:30:in `block in call'
web-console (3.7.0) lib/web_console/middleware.rb:20:in `catch'
web-console (3.7.0) lib/web_console/middleware.rb:20:in `call'
actionpack (5.2.2) lib/action_dispatch/middleware/show_exceptions.rb:33:in `call'
railties (5.2.2) lib/rails/rack/logger.rb:38:in `call_app'
railties (5.2.2) lib/rails/rack/logger.rb:26:in `block in call'
activesupport (5.2.2) lib/active_support/tagged_logging.rb:71:in `block in tagged'
activesupport (5.2.2) lib/active_support/tagged_logging.rb:28:in `tagged'
activesupport (5.2.2) lib/active_support/tagged_logging.rb:71:in `tagged'
railties (5.2.2) lib/rails/rack/logger.rb:26:in `call'
sprockets-rails (3.2.1) lib/sprockets/rails/quiet_assets.rb:13:in `call'
actionpack (5.2.2) lib/action_dispatch/middleware/remote_ip.rb:81:in `call'
actionpack (5.2.2) lib/action_dispatch/middleware/request_id.rb:27:in `call'
rack (2.0.6) lib/rack/method_override.rb:22:in `call'
rack (2.0.6) lib/rack/runtime.rb:22:in `call'
activesupport (5.2.2) lib/active_support/cache/strategy/local_cache_middleware.rb:29:in `call'
actionpack (5.2.2) lib/action_dispatch/middleware/executor.rb:14:in `call'
actionpack (5.2.2) lib/action_dispatch/middleware/static.rb:127:in `call'
rack (2.0.6) lib/rack/sendfile.rb:111:in `call'
railties (5.2.2) lib/rails/engine.rb:524:in `call'
puma (3.12.0) lib/puma/configuration.rb:225:in `call'
puma (3.12.0) lib/puma/server.rb:658:in `handle_request'
puma (3.12.0) lib/puma/server.rb:472:in `process_client'
puma (3.12.0) lib/puma/server.rb:332:in `block in run'
puma (3.12.0) lib/puma/thread_pool.rb:133:in `block in spawn_thread'
Started GET "/session?authenticity_token=6jcPFpi9OnqWc7b6MNECIUWXnjG7lRjOkJAcw2n4CNjOf7umpobXFoK03k%2FFrlpEZ%2BCWmM7T8OqMgk5okzWqeA%3D%3D" for 127.0.0.1 at 2019-03-04 18:12:26 -0800
  
ActionController::RoutingError (No route matches [GET] "/session"):
  
actionpack (5.2.2) lib/action_dispatch/middleware/debug_exceptions.rb:65:in `call'
web-console (3.7.0) lib/web_console/middleware.rb:135:in `call_app'
web-console (3.7.0) lib/web_console/middleware.rb:30:in `block in call'
web-console (3.7.0) lib/web_console/middleware.rb:20:in `catch'
web-console (3.7.0) lib/web_console/middleware.rb:20:in `call'
actionpack (5.2.2) lib/action_dispatch/middleware/show_exceptions.rb:33:in `call'
railties (5.2.2) lib/rails/rack/logger.rb:38:in `call_app'
railties (5.2.2) lib/rails/rack/logger.rb:26:in `block in call'
activesupport (5.2.2) lib/active_support/tagged_logging.rb:71:in `block in tagged'
activesupport (5.2.2) lib/active_support/tagged_logging.rb:28:in `tagged'
activesupport (5.2.2) lib/active_support/tagged_logging.rb:71:in `tagged'
railties (5.2.2) lib/rails/rack/logger.rb:26:in `call'
sprockets-rails (3.2.1) lib/sprockets/rails/quiet_assets.rb:13:in `call'
actionpack (5.2.2) lib/action_dispatch/middleware/remote_ip.rb:81:in `call'
actionpack (5.2.2) lib/action_dispatch/middleware/request_id.rb:27:in `call'
rack (2.0.6) lib/rack/method_override.rb:22:in `call'
rack (2.0.6) lib/rack/runtime.rb:22:in `call'
activesupport (5.2.2) lib/active_support/cache/strategy/local_cache_middleware.rb:29:in `call'
actionpack (5.2.2) lib/action_dispatch/middleware/executor.rb:14:in `call'
actionpack (5.2.2) lib/action_dispatch/middleware/static.rb:127:in `call'
rack (2.0.6) lib/rack/sendfile.rb:111:in `call'
railties (5.2.2) lib/rails/engine.rb:524:in `call'
puma (3.12.0) lib/puma/configuration.rb:225:in `call'
puma (3.12.0) lib/puma/server.rb:658:in `handle_request'
puma (3.12.0) lib/puma/server.rb:472:in `process_client'
puma (3.12.0) lib/puma/server.rb:332:in `block in run'
puma (3.12.0) lib/puma/thread_pool.rb:133:in `block in spawn_thread'
Started POST "/session" for 127.0.0.1 at 2019-03-04 18:12:41 -0800
Processing by SessionsController#create as HTML
  Parameters: {"authenticity_token"=>"6jcPFpi9OnqWc7b6MNECIUWXnjG7lRjOkJAcw2n4CNjOf7umpobXFoK03k/FrlpEZ+CWmM7T8OqMgk5okzWqeA==", "user"=>{"email"=>"test2@pdx.com", "password"=>"[FILTERED]"}}
  [1m[36mUser Load (0.6ms)[0m  [1m[34mSELECT  "users".* FROM "users" WHERE "users"."email" = $1 LIMIT $2[0m  [["email", "test2@pdx.com"], ["LIMIT", 1]]
  ↳ app/models/user.rb:13
Redirected to http://localhost:3000/users/2
Completed 302 Found in 88ms (ActiveRecord: 11.3ms)


Started GET "/users/2" for 127.0.0.1 at 2019-03-04 18:12:41 -0800
Processing by UsersController#show as HTML
  Parameters: {"id"=>"2"}
  [1m[36mUser Load (0.3ms)[0m  [1m[34mSELECT  "users".* FROM "users" WHERE "users"."id" = $1 LIMIT $2[0m  [["id", 2], ["LIMIT", 1]]
  ↳ app/controllers/users_controller.rb:20
  Rendering users/show.html.erb within layouts/application
  Rendered users/show.html.erb within layouts/application (0.4ms)
  [1m[36mUser Load (0.3ms)[0m  [1m[34mSELECT  "users".* FROM "users" WHERE "users"."session_token" = $1 LIMIT $2[0m  [["session_token", "WT-42huzgAKy4JbXKiJuiA"], ["LIMIT", 1]]
  ↳ app/controllers/application_controller.rb:17
Completed 500 Internal Server Error in 327ms (ActiveRecord: 0.7ms)



NameError - undefined local variable or method `new_session' for #<#<Class:0x00007ffb16c4c458>:0x00007ffb16c460f8>
Did you mean?  new_session_url:
  app/views/layouts/application.html.erb:20:in `_app_views_layouts_application_html_erb__2100234397864714674_70358232427560'
  app/controllers/users_controller.rb:25:in `show'

Started POST "/__better_errors/dd55ce832d6062d8/variables" for 127.0.0.1 at 2019-03-04 18:12:41 -0800
Started GET "/session/new" for 127.0.0.1 at 2019-03-04 18:13:02 -0800
Processing by SessionsController#new as HTML
  Rendering sessions/new.html.erb within layouts/application
  Rendered sessions/new.html.erb within layouts/application (0.5ms)
  [1m[36mUser Load (0.4ms)[0m  [1m[34mSELECT  "users".* FROM "users" WHERE "users"."session_token" = $1 LIMIT $2[0m  [["session_token", "WT-42huzgAKy4JbXKiJuiA"], ["LIMIT", 1]]
  ↳ app/controllers/application_controller.rb:17
Completed 200 OK in 22ms (Views: 20.5ms | ActiveRecord: 0.4ms)


Started POST "/session" for 127.0.0.1 at 2019-03-04 18:13:04 -0800
Processing by SessionsController#create as HTML
  Parameters: {"authenticity_token"=>"Z8SSK9MCj4QQfD3sQuuJq7rZSnkW4wFz4zyktJqutPdDjCab7Tli6AS7VVm3lNHOmK5C0GOl6Vf/LvYfYGMWVw==", "user"=>{"email"=>"test2@pdx.com", "password"=>"[FILTERED]"}}
  [1m[36mUser Load (0.9ms)[0m  [1m[34mSELECT  "users".* FROM "users" WHERE "users"."email" = $1 LIMIT $2[0m  [["email", "test2@pdx.com"], ["LIMIT", 1]]
  ↳ app/models/user.rb:13
Redirected to http://localhost:3000/users/2
Completed 302 Found in 69ms (ActiveRecord: 0.9ms)


Started GET "/users/2" for 127.0.0.1 at 2019-03-04 18:13:04 -0800
Processing by UsersController#show as HTML
  Parameters: {"id"=>"2"}
  [1m[36mUser Load (0.4ms)[0m  [1m[34mSELECT  "users".* FROM "users" WHERE "users"."id" = $1 LIMIT $2[0m  [["id", 2], ["LIMIT", 1]]
  ↳ app/controllers/users_controller.rb:20
  Rendering users/show.html.erb within layouts/application
  Rendered users/show.html.erb within layouts/application (0.6ms)
  [1m[36mUser Load (1.7ms)[0m  [1m[34mSELECT  "users".* FROM "users" WHERE "users"."session_token" = $1 LIMIT $2[0m  [["session_token", "WT-42huzgAKy4JbXKiJuiA"], ["LIMIT", 1]]
  ↳ app/controllers/application_controller.rb:17
Completed 200 OK in 23ms (Views: 20.0ms | ActiveRecord: 2.0ms)


Started GET "/session/new?authenticity_token=9UvI%2F%2Bq0HysM4KOtLfZWW8iAIEu46gwJq%2BhWYl%2Fv3o%2FRA3xP1I%2FyRxgnyxjYiQ4%2B6vco4s2s5C23%2BgTJpSJ8Lw%3D%3D" for 127.0.0.1 at 2019-03-04 18:13:07 -0800
Processing by SessionsController#new as HTML
  Parameters: {"authenticity_token"=>"9UvI/+q0HysM4KOtLfZWW8iAIEu46gwJq+hWYl/v3o/RA3xP1I/yRxgnyxjYiQ4+6vco4s2s5C23+gTJpSJ8Lw=="}
  Rendering sessions/new.html.erb within layouts/application
  Rendered sessions/new.html.erb within layouts/application (0.5ms)
  [1m[36mUser Load (0.6ms)[0m  [1m[34mSELECT  "users".* FROM "users" WHERE "users"."session_token" = $1 LIMIT $2[0m  [["session_token", "WT-42huzgAKy4JbXKiJuiA"], ["LIMIT", 1]]
  ↳ app/controllers/application_controller.rb:17
Completed 200 OK in 22ms (Views: 20.8ms | ActiveRecord: 0.6ms)


Started POST "/session" for 127.0.0.1 at 2019-03-04 18:13:09 -0800
Processing by SessionsController#create as HTML
  Parameters: {"authenticity_token"=>"iydoP1dxS6pEdy2eFq175g1pb7nrz91elWFEfRf+hSqvb9yPaUqmxlCwRSvj0iODLx5nEJ6JNXqJcxbW7TMnig==", "user"=>{"email"=>"test2@pdx.com", "password"=>"[FILTERED]"}}
  [1m[36mUser Load (2.4ms)[0m  [1m[34mSELECT  "users".* FROM "users" WHERE "users"."email" = $1 LIMIT $2[0m  [["email", "test2@pdx.com"], ["LIMIT", 1]]
  ↳ app/models/user.rb:13
Redirected to http://localhost:3000/users/2
Completed 302 Found in 70ms (ActiveRecord: 2.4ms)


Started GET "/users/2" for 127.0.0.1 at 2019-03-04 18:13:09 -0800
Processing by UsersController#show as HTML
  Parameters: {"id"=>"2"}
  [1m[36mUser Load (0.3ms)[0m  [1m[34mSELECT  "users".* FROM "users" WHERE "users"."id" = $1 LIMIT $2[0m  [["id", 2], ["LIMIT", 1]]
  ↳ app/controllers/users_controller.rb:20
  Rendering users/show.html.erb within layouts/application
  Rendered users/show.html.erb within layouts/application (0.3ms)
  [1m[36mUser Load (0.7ms)[0m  [1m[34mSELECT  "users".* FROM "users" WHERE "users"."session_token" = $1 LIMIT $2[0m  [["session_token", "WT-42huzgAKy4JbXKiJuiA"], ["LIMIT", 1]]
  ↳ app/controllers/application_controller.rb:17
Completed 200 OK in 21ms (Views: 19.2ms | ActiveRecord: 1.0ms)


Started GET "/session/new?authenticity_token=ybDFQpWmeMGavgRz0Ke01sgZKy9pc%2BQg%2BS0rmwNdGMzt%2BHHyq52VrY55bMYl2Oyz6m4jhhw1DATlP3kw%2BZC6bA%3D%3D" for 127.0.0.1 at 2019-03-04 18:13:10 -0800
Processing by SessionsController#new as HTML
  Parameters: {"authenticity_token"=>"ybDFQpWmeMGavgRz0Ke01sgZKy9pc+Qg+S0rmwNdGMzt+HHyq52VrY55bMYl2Oyz6m4jhhw1DATlP3kw+ZC6bA=="}
  Rendering sessions/new.html.erb within layouts/application
  Rendered sessions/new.html.erb within layouts/application (0.7ms)
  [1m[36mUser Load (0.4ms)[0m  [1m[34mSELECT  "users".* FROM "users" WHERE "users"."session_token" = $1 LIMIT $2[0m  [["session_token", "WT-42huzgAKy4JbXKiJuiA"], ["LIMIT", 1]]
  ↳ app/controllers/application_controller.rb:17
Completed 200 OK in 21ms (Views: 20.2ms | ActiveRecord: 0.4ms)


Started GET "/session/new?authenticity_token=kIkp8HOR%2FoA61icaTrG8cGNHP%2Bf8ZgMjZ27NTEc8tuW0wZ1ATaoT7C4RT6%2B7zuQVQTA3Tokg6wd7fJ%2FnvfEURQ%3D%3D" for 127.0.0.1 at 2019-03-04 18:13:11 -0800
Processing by SessionsController#new as HTML
  Parameters: {"authenticity_token"=>"kIkp8HOR/oA61icaTrG8cGNHP+f8ZgMjZ27NTEc8tuW0wZ1ATaoT7C4RT6+7zuQVQTA3Tokg6wd7fJ/nvfEURQ=="}
  Rendering sessions/new.html.erb within layouts/application
  Rendered sessions/new.html.erb within layouts/application (0.6ms)
  [1m[36mUser Load (0.3ms)[0m  [1m[34mSELECT  "users".* FROM "users" WHERE "users"."session_token" = $1 LIMIT $2[0m  [["session_token", "WT-42huzgAKy4JbXKiJuiA"], ["LIMIT", 1]]
  ↳ app/controllers/application_controller.rb:17
Completed 200 OK in 20ms (Views: 18.9ms | ActiveRecord: 0.3ms)


Started POST "/session" for 127.0.0.1 at 2019-03-04 18:13:38 -0800
Processing by SessionsController#create as HTML
  Parameters: {"authenticity_token"=>"Hf0CZjmavukVNd8+4XYCTl0GCAenSTnyNy/PlDp6gO05tbbWB6FThQHyt4sUCVorf3EArtIP0dYrPZ0/wLciTQ==", "user"=>{"email"=>"test2@pdx.com", "password"=>"[FILTERED]"}}
  [1m[36mUser Load (0.7ms)[0m  [1m[34mSELECT  "users".* FROM "users" WHERE "users"."email" = $1 LIMIT $2[0m  [["email", "test2@pdx.com"], ["LIMIT", 1]]
  ↳ app/models/user.rb:13
Redirected to http://localhost:3000/users/2
Completed 302 Found in 67ms (ActiveRecord: 0.7ms)


Started GET "/users/2" for 127.0.0.1 at 2019-03-04 18:13:38 -0800
Processing by UsersController#show as HTML
  Parameters: {"id"=>"2"}
  [1m[36mUser Load (0.8ms)[0m  [1m[34mSELECT  "users".* FROM "users" WHERE "users"."id" = $1 LIMIT $2[0m  [["id", 2], ["LIMIT", 1]]
  ↳ app/controllers/users_controller.rb:20
  Rendering users/show.html.erb within layouts/application
  Rendered users/show.html.erb within layouts/application (0.6ms)
  [1m[36mUser Load (0.3ms)[0m  [1m[34mSELECT  "users".* FROM "users" WHERE "users"."session_token" = $1 LIMIT $2[0m  [["session_token", "WT-42huzgAKy4JbXKiJuiA"], ["LIMIT", 1]]
  ↳ app/controllers/application_controller.rb:17
Completed 200 OK in 21ms (Views: 18.3ms | ActiveRecord: 1.1ms)


Started GET "/users/2" for 127.0.0.1 at 2019-03-04 18:14:21 -0800
Processing by UsersController#show as HTML
  Parameters: {"id"=>"2"}
  [1m[36mUser Load (1.5ms)[0m  [1m[34mSELECT  "users".* FROM "users" WHERE "users"."id" = $1 LIMIT $2[0m  [["id", 2], ["LIMIT", 1]]
  ↳ app/controllers/users_controller.rb:20
  Rendering users/show.html.erb within layouts/application
  Rendered users/show.html.erb within layouts/application (0.6ms)
  [1m[36mUser Load (0.3ms)[0m  [1m[34mSELECT  "users".* FROM "users" WHERE "users"."session_token" = $1 LIMIT $2[0m  [["session_token", "WT-42huzgAKy4JbXKiJuiA"], ["LIMIT", 1]]
  ↳ app/controllers/application_controller.rb:17
Completed 200 OK in 68ms (Views: 38.4ms | ActiveRecord: 13.6ms)


Started GET "/session?authenticity_token=%2FFoLCwlvsvBz5JnMRPy0E5iz5znr%2FtXxRmqo0lIqnsTYEr%2B7N1RfnGcj8Xmxg%2Bx2usTvkJ64PdVaePp5qOc8ZA%3D%3D" for 127.0.0.1 at 2019-03-04 18:14:23 -0800
  
ActionController::RoutingError (No route matches [GET] "/session"):
  
actionpack (5.2.2) lib/action_dispatch/middleware/debug_exceptions.rb:65:in `call'
web-console (3.7.0) lib/web_console/middleware.rb:135:in `call_app'
web-console (3.7.0) lib/web_console/middleware.rb:30:in `block in call'
web-console (3.7.0) lib/web_console/middleware.rb:20:in `catch'
web-console (3.7.0) lib/web_console/middleware.rb:20:in `call'
actionpack (5.2.2) lib/action_dispatch/middleware/show_exceptions.rb:33:in `call'
railties (5.2.2) lib/rails/rack/logger.rb:38:in `call_app'
railties (5.2.2) lib/rails/rack/logger.rb:26:in `block in call'
activesupport (5.2.2) lib/active_support/tagged_logging.rb:71:in `block in tagged'
activesupport (5.2.2) lib/active_support/tagged_logging.rb:28:in `tagged'
activesupport (5.2.2) lib/active_support/tagged_logging.rb:71:in `tagged'
railties (5.2.2) lib/rails/rack/logger.rb:26:in `call'
sprockets-rails (3.2.1) lib/sprockets/rails/quiet_assets.rb:13:in `call'
actionpack (5.2.2) lib/action_dispatch/middleware/remote_ip.rb:81:in `call'
actionpack (5.2.2) lib/action_dispatch/middleware/request_id.rb:27:in `call'
rack (2.0.6) lib/rack/method_override.rb:22:in `call'
rack (2.0.6) lib/rack/runtime.rb:22:in `call'
activesupport (5.2.2) lib/active_support/cache/strategy/local_cache_middleware.rb:29:in `call'
actionpack (5.2.2) lib/action_dispatch/middleware/executor.rb:14:in `call'
actionpack (5.2.2) lib/action_dispatch/middleware/static.rb:127:in `call'
rack (2.0.6) lib/rack/sendfile.rb:111:in `call'
railties (5.2.2) lib/rails/engine.rb:524:in `call'
puma (3.12.0) lib/puma/configuration.rb:225:in `call'
puma (3.12.0) lib/puma/server.rb:658:in `handle_request'
puma (3.12.0) lib/puma/server.rb:472:in `process_client'
puma (3.12.0) lib/puma/server.rb:332:in `block in run'
puma (3.12.0) lib/puma/thread_pool.rb:133:in `block in spawn_thread'
Started GET "/users/2" for 127.0.0.1 at 2019-03-04 18:16:59 -0800
Processing by UsersController#show as HTML
  Parameters: {"id"=>"2"}
  [1m[36mUser Load (0.3ms)[0m  [1m[34mSELECT  "users".* FROM "users" WHERE "users"."id" = $1 LIMIT $2[0m  [["id", 2], ["LIMIT", 1]]
  ↳ app/controllers/users_controller.rb:20
  Rendering users/show.html.erb within layouts/application
  Rendered users/show.html.erb within layouts/application (0.4ms)
  [1m[36mUser Load (0.3ms)[0m  [1m[34mSELECT  "users".* FROM "users" WHERE "users"."session_token" = $1 LIMIT $2[0m  [["session_token", "WT-42huzgAKy4JbXKiJuiA"], ["LIMIT", 1]]
  ↳ app/controllers/application_controller.rb:17
Completed 200 OK in 48ms (Views: 29.9ms | ActiveRecord: 5.8ms)


Started DELETE "/session" for 127.0.0.1 at 2019-03-04 18:17:01 -0800
Processing by SessionsController#destroy as HTML
  Parameters: {"authenticity_token"=>"sDOwi48n9bGy5lGW8nweEDeblsaXlRsK2dKUSlgU3xaUewQ7sRwY3aYhOSMHA0Z1Feyeb+LT8y7FwMbhotl9tg=="}
  [1m[36mUser Load (0.4ms)[0m  [1m[34mSELECT  "users".* FROM "users" WHERE "users"."session_token" = $1 LIMIT $2[0m  [["session_token", "WT-42huzgAKy4JbXKiJuiA"], ["LIMIT", 1]]
  ↳ app/controllers/application_controller.rb:17
Completed 500 Internal Server Error in 346ms (ActiveRecord: 0.4ms)



NameError - undefined local variable or method `session_token' for #<SessionsController:0x00007ffb1accaca0>
Did you mean?  session:
  app/controllers/application_controller.rb:12:in `log_out!'
  app/controllers/sessions_controller.rb:22:in `destroy'

Started POST "/__better_errors/2fc54d2c7a829496/variables" for 127.0.0.1 at 2019-03-04 18:17:01 -0800
Started GET "/users/2" for 127.0.0.1 at 2019-03-04 18:17:56 -0800
Processing by UsersController#show as HTML
  Parameters: {"id"=>"2"}
  [1m[36mUser Load (0.3ms)[0m  [1m[34mSELECT  "users".* FROM "users" WHERE "users"."id" = $1 LIMIT $2[0m  [["id", 2], ["LIMIT", 1]]
  ↳ app/controllers/users_controller.rb:20
  Rendering users/show.html.erb within layouts/application
  Rendered users/show.html.erb within layouts/application (0.4ms)
  [1m[36mUser Load (0.3ms)[0m  [1m[34mSELECT  "users".* FROM "users" WHERE "users"."session_token" = $1 LIMIT $2[0m  [["session_token", "WT-42huzgAKy4JbXKiJuiA"], ["LIMIT", 1]]
  ↳ app/controllers/application_controller.rb:17
Completed 200 OK in 35ms (Views: 20.4ms | ActiveRecord: 5.5ms)


Started DELETE "/session" for 127.0.0.1 at 2019-03-04 18:17:57 -0800
Processing by SessionsController#destroy as HTML
  Parameters: {"authenticity_token"=>"G/FXuln1X8rnQofedTwJpUdU/v7tg63A+3Y2M7IU4vM/ueMKZ86ypvOF72uAQ1HAZSP2V5jFReTnZGSYSNlAUw=="}
  [1m[36mUser Load (0.2ms)[0m  [1m[34mSELECT  "users".* FROM "users" WHERE "users"."session_token" = $1 LIMIT $2[0m  [["session_token", "WT-42huzgAKy4JbXKiJuiA"], ["LIMIT", 1]]
  ↳ app/controllers/application_controller.rb:17
Redirected to http://localhost:3000/session/new
Completed 302 Found in 2ms (ActiveRecord: 0.2ms)


Started GET "/session/new" for 127.0.0.1 at 2019-03-04 18:17:57 -0800
Processing by SessionsController#new as HTML
  Rendering sessions/new.html.erb within layouts/application
  Rendered sessions/new.html.erb within layouts/application (0.5ms)
  [1m[36mUser Load (0.3ms)[0m  [1m[34mSELECT  "users".* FROM "users" WHERE "users"."session_token" = $1 LIMIT $2[0m  [["session_token", "WT-42huzgAKy4JbXKiJuiA"], ["LIMIT", 1]]
  ↳ app/controllers/application_controller.rb:17
Completed 200 OK in 20ms (Views: 19.4ms | ActiveRecord: 0.3ms)


Started DELETE "/session" for 127.0.0.1 at 2019-03-04 18:18:01 -0800
Processing by SessionsController#destroy as HTML
  Parameters: {"authenticity_token"=>"V1qGlXWOz5F0cxE6+IKyfjnKWFCHq4txU/HePjPNbKZzEjIlS7Ui/WC0eY8N/eobG71Q+fLtY1VP44yVyQDOBg=="}
  [1m[36mUser Load (0.5ms)[0m  [1m[34mSELECT  "users".* FROM "users" WHERE "users"."session_token" = $1 LIMIT $2[0m  [["session_token", "WT-42huzgAKy4JbXKiJuiA"], ["LIMIT", 1]]
  ↳ app/controllers/application_controller.rb:17
Redirected to http://localhost:3000/session/new
Completed 302 Found in 3ms (ActiveRecord: 0.5ms)


Started GET "/session/new" for 127.0.0.1 at 2019-03-04 18:18:01 -0800
Processing by SessionsController#new as HTML
  Rendering sessions/new.html.erb within layouts/application
  Rendered sessions/new.html.erb within layouts/application (0.5ms)
  [1m[36mUser Load (0.3ms)[0m  [1m[34mSELECT  "users".* FROM "users" WHERE "users"."session_token" = $1 LIMIT $2[0m  [["session_token", "WT-42huzgAKy4JbXKiJuiA"], ["LIMIT", 1]]
  ↳ app/controllers/application_controller.rb:17
Completed 200 OK in 21ms (Views: 20.0ms | ActiveRecord: 0.3ms)


Started DELETE "/session" for 127.0.0.1 at 2019-03-04 18:18:09 -0800
Processing by SessionsController#destroy as HTML
  Parameters: {"authenticity_token"=>"yXRnfrQRcVI98BqoNv8WKrqev/O1uzB2kk6CGYfGLQPtPNPOiiqcPik3ch3DgE5PmOm3WsD92FKOXNCyfQuPow=="}
  [1m[36mUser Load (0.3ms)[0m  [1m[34mSELECT  "users".* FROM "users" WHERE "users"."session_token" = $1 LIMIT $2[0m  [["session_token", "WT-42huzgAKy4JbXKiJuiA"], ["LIMIT", 1]]
  ↳ app/controllers/application_controller.rb:17
Redirected to http://localhost:3000/session/new
Completed 302 Found in 3ms (ActiveRecord: 0.3ms)


Started GET "/session/new" for 127.0.0.1 at 2019-03-04 18:18:10 -0800
Processing by SessionsController#new as HTML
  Rendering sessions/new.html.erb within layouts/application
  Rendered sessions/new.html.erb within layouts/application (0.5ms)
  [1m[36mUser Load (0.4ms)[0m  [1m[34mSELECT  "users".* FROM "users" WHERE "users"."session_token" = $1 LIMIT $2[0m  [["session_token", "WT-42huzgAKy4JbXKiJuiA"], ["LIMIT", 1]]
  ↳ app/controllers/application_controller.rb:17
Completed 200 OK in 22ms (Views: 20.9ms | ActiveRecord: 0.4ms)


Started DELETE "/session" for 127.0.0.1 at 2019-03-04 18:18:24 -0800
Processing by SessionsController#destroy as HTML
  Parameters: {"authenticity_token"=>"m0bX5u4r0KX0nqwIZ8nLkTOSFO/qVNMYGkbxIi8wgf+/DmNW0BA9yeBZxL2StpP0EeUcRp8SOzwGVKOJ1f0jXw=="}
  [1m[36mUser Load (0.3ms)[0m  [1m[34mSELECT  "users".* FROM "users" WHERE "users"."session_token" = $1 LIMIT $2[0m  [["session_token", "WT-42huzgAKy4JbXKiJuiA"], ["LIMIT", 1]]
  ↳ app/controllers/application_controller.rb:17
Completed 500 Internal Server Error in 16ms (ActiveRecord: 5.3ms)



RuntimeError - :
  app/controllers/sessions_controller.rb:23:in `destroy'

Started POST "/__better_errors/d4bae9b81435f5bb/variables" for 127.0.0.1 at 2019-03-04 18:18:24 -0800
Started POST "/__better_errors/d4bae9b81435f5bb/eval" for 127.0.0.1 at 2019-03-04 18:18:29 -0800
Started DELETE "/session" for 127.0.0.1 at 2019-03-04 18:20:04 -0800
Processing by SessionsController#destroy as HTML
  Parameters: {"authenticity_token"=>"m0bX5u4r0KX0nqwIZ8nLkTOSFO/qVNMYGkbxIi8wgf+/DmNW0BA9yeBZxL2StpP0EeUcRp8SOzwGVKOJ1f0jXw=="}
  [1m[36mUser Load (0.2ms)[0m  [1m[34mSELECT  "users".* FROM "users" WHERE "users"."session_token" = $1 LIMIT $2[0m  [["session_token", "WT-42huzgAKy4JbXKiJuiA"], ["LIMIT", 1]]
  ↳ app/controllers/application_controller.rb:18
Completed 500 Internal Server Error in 15ms (ActiveRecord: 5.1ms)



RuntimeError - :
  app/controllers/sessions_controller.rb:23:in `destroy'

Started POST "/__better_errors/8695d43e6b19f7e9/variables" for 127.0.0.1 at 2019-03-04 18:20:04 -0800
Started POST "/__better_errors/8695d43e6b19f7e9/eval" for 127.0.0.1 at 2019-03-04 18:20:10 -0800
Started DELETE "/session" for 127.0.0.1 at 2019-03-04 18:25:22 -0800
Processing by SessionsController#destroy as HTML
  Parameters: {"authenticity_token"=>"m0bX5u4r0KX0nqwIZ8nLkTOSFO/qVNMYGkbxIi8wgf+/DmNW0BA9yeBZxL2StpP0EeUcRp8SOzwGVKOJ1f0jXw=="}
  [1m[36mUser Load (0.7ms)[0m  [1m[34mSELECT  "users".* FROM "users" WHERE "users"."session_token" = $1 LIMIT $2[0m  [["session_token", "WT-42huzgAKy4JbXKiJuiA"], ["LIMIT", 1]]
  ↳ app/controllers/application_controller.rb:19
Completed 500 Internal Server Error in 34ms (ActiveRecord: 11.0ms)



NoMethodError - undefined method `reset_session_token' for #<User:0x00007ffb16c67cd0>
Did you mean?  reset_session_token!
               restore_session_token!:
  app/controllers/application_controller.rb:12:in `log_out!'
  app/controllers/sessions_controller.rb:22:in `destroy'

Started POST "/__better_errors/3b169bee56bedfe5/variables" for 127.0.0.1 at 2019-03-04 18:25:22 -0800
Started DELETE "/session" for 127.0.0.1 at 2019-03-04 18:25:51 -0800
Processing by SessionsController#destroy as HTML
  Parameters: {"authenticity_token"=>"m0bX5u4r0KX0nqwIZ8nLkTOSFO/qVNMYGkbxIi8wgf+/DmNW0BA9yeBZxL2StpP0EeUcRp8SOzwGVKOJ1f0jXw=="}
  [1m[36mUser Load (0.3ms)[0m  [1m[34mSELECT  "users".* FROM "users" WHERE "users"."session_token" = $1 LIMIT $2[0m  [["session_token", "WT-42huzgAKy4JbXKiJuiA"], ["LIMIT", 1]]
  ↳ app/controllers/application_controller.rb:19
  [1m[35m (0.2ms)[0m  [1m[35mBEGIN[0m
  ↳ app/models/user.rb:24
  [1m[36mUser Exists (0.5ms)[0m  [1m[34mSELECT  1 AS one FROM "users" WHERE "users"."email" = $1 AND "users"."id" != $2 LIMIT $3[0m  [["email", "test2@pdx.com"], ["id", 2], ["LIMIT", 1]]
  ↳ app/models/user.rb:24
  [1m[36mUser Update (3.6ms)[0m  [1m[33mUPDATE "users" SET "session_token" = $1, "updated_at" = $2 WHERE "users"."id" = $3[0m  [["session_token", "MgaNa27sbLsZbbFhLzkScg"], ["updated_at", "2019-03-05 02:25:52.033252"], ["id", 2]]
  ↳ app/models/user.rb:24
  [1m[35m (0.5ms)[0m  [1m[35mCOMMIT[0m
  ↳ app/models/user.rb:24
Completed 500 Internal Server Error in 24ms (ActiveRecord: 10.4ms)



RuntimeError - :
  app/controllers/sessions_controller.rb:23:in `destroy'

Started POST "/__better_errors/c60127cbe33b6f75/variables" for 127.0.0.1 at 2019-03-04 18:25:52 -0800
Started POST "/__better_errors/c60127cbe33b6f75/eval" for 127.0.0.1 at 2019-03-04 18:25:58 -0800
Started DELETE "/session" for 127.0.0.1 at 2019-03-04 18:27:15 -0800
Processing by SessionsController#destroy as HTML
  Parameters: {"authenticity_token"=>"m0bX5u4r0KX0nqwIZ8nLkTOSFO/qVNMYGkbxIi8wgf+/DmNW0BA9yeBZxL2StpP0EeUcRp8SOzwGVKOJ1f0jXw=="}
  [1m[36mUser Load (0.6ms)[0m  [1m[34mSELECT  "users".* FROM "users" WHERE "users"."session_token" = $1 LIMIT $2[0m  [["session_token", "WT-42huzgAKy4JbXKiJuiA"], ["LIMIT", 1]]
  ↳ app/controllers/application_controller.rb:19
Completed 500 Internal Server Error in 9ms (ActiveRecord: 2.2ms)



RuntimeError - :
  app/controllers/sessions_controller.rb:23:in `destroy'

Started POST "/__better_errors/6a2c3ee5040e8c16/variables" for 127.0.0.1 at 2019-03-04 18:27:15 -0800
Started POST "/__better_errors/6a2c3ee5040e8c16/eval" for 127.0.0.1 at 2019-03-04 18:27:20 -0800
Started GET "/session/new" for 127.0.0.1 at 2019-03-04 18:27:22 -0800
Processing by SessionsController#new as HTML
  Rendering sessions/new.html.erb within layouts/application
  Rendered sessions/new.html.erb within layouts/application (1.0ms)
  [1m[36mUser Load (0.4ms)[0m  [1m[34mSELECT  "users".* FROM "users" WHERE "users"."session_token" = $1 LIMIT $2[0m  [["session_token", "WT-42huzgAKy4JbXKiJuiA"], ["LIMIT", 1]]
  ↳ app/controllers/application_controller.rb:19
Completed 200 OK in 28ms (Views: 27.3ms | ActiveRecord: 0.4ms)


Started POST "/session" for 127.0.0.1 at 2019-03-04 18:27:35 -0800
Processing by SessionsController#create as HTML
  Parameters: {"authenticity_token"=>"9pScya8VnIx3s92EcFId6tTHV6tsR6JwgWmo70ekakTS3Ch5kS5x4GN0tTGFLUWP9rBfAhkBSlSde/pEvWnI5A==", "user"=>{"email"=>"test2@pdx.com", "password"=>"[FILTERED]"}}
  [1m[36mUser Load (0.3ms)[0m  [1m[34mSELECT  "users".* FROM "users" WHERE "users"."email" = $1 LIMIT $2[0m  [["email", "test2@pdx.com"], ["LIMIT", 1]]
  ↳ app/models/user.rb:13
Redirected to http://localhost:3000/users/2
Completed 302 Found in 78ms (ActiveRecord: 5.7ms)


Started GET "/users/2" for 127.0.0.1 at 2019-03-04 18:27:35 -0800
Processing by UsersController#show as HTML
  Parameters: {"id"=>"2"}
  [1m[36mUser Load (0.3ms)[0m  [1m[34mSELECT  "users".* FROM "users" WHERE "users"."id" = $1 LIMIT $2[0m  [["id", 2], ["LIMIT", 1]]
  ↳ app/controllers/users_controller.rb:20
  Rendering users/show.html.erb within layouts/application
  Rendered users/show.html.erb within layouts/application (0.3ms)
  [1m[36mUser Load (0.4ms)[0m  [1m[34mSELECT  "users".* FROM "users" WHERE "users"."session_token" = $1 LIMIT $2[0m  [["session_token", "MgaNa27sbLsZbbFhLzkScg"], ["LIMIT", 1]]
  ↳ app/controllers/application_controller.rb:19
Completed 200 OK in 22ms (Views: 18.8ms | ActiveRecord: 0.7ms)


Started DELETE "/session" for 127.0.0.1 at 2019-03-04 18:27:36 -0800
Processing by SessionsController#destroy as HTML
  Parameters: {"authenticity_token"=>"O/aJqFJ7i8uGAvoXqsNHIE9A7omL3HfLKAeVj8lVOrMfvj0YbEBmp5LFkqJfvB9FbTfmIP6an+80FcckM5iYEw=="}
  [1m[36mUser Load (0.8ms)[0m  [1m[34mSELECT  "users".* FROM "users" WHERE "users"."session_token" = $1 LIMIT $2[0m  [["session_token", "MgaNa27sbLsZbbFhLzkScg"], ["LIMIT", 1]]
  ↳ app/controllers/application_controller.rb:19
  [1m[35m (0.2ms)[0m  [1m[35mBEGIN[0m
  ↳ app/models/user.rb:24
  [1m[36mUser Exists (0.5ms)[0m  [1m[34mSELECT  1 AS one FROM "users" WHERE "users"."email" = $1 AND "users"."id" != $2 LIMIT $3[0m  [["email", "test2@pdx.com"], ["id", 2], ["LIMIT", 1]]
  ↳ app/models/user.rb:24
  [1m[36mUser Update (0.4ms)[0m  [1m[33mUPDATE "users" SET "session_token" = $1, "updated_at" = $2 WHERE "users"."id" = $3[0m  [["session_token", "ea6n5QOaZ_rOGKEsOrAY2Q"], ["updated_at", "2019-03-05 02:27:36.817297"], ["id", 2]]
  ↳ app/models/user.rb:24
  [1m[35m (1.2ms)[0m  [1m[35mCOMMIT[0m
  ↳ app/models/user.rb:24
Redirected to http://localhost:3000/session/new
Completed 302 Found in 10ms (ActiveRecord: 3.2ms)


Started GET "/session/new" for 127.0.0.1 at 2019-03-04 18:27:36 -0800
Processing by SessionsController#new as HTML
  Rendering sessions/new.html.erb within layouts/application
  Rendered sessions/new.html.erb within layouts/application (0.5ms)
Completed 200 OK in 19ms (Views: 18.6ms | ActiveRecord: 0.0ms)


