  [1m[35m (2.6ms)[0m  [1m[35mDROP DATABASE IF EXISTS "ninety_nine_cats_development"[0m
  ↳ bin/rails:4
  [1m[35m (0.3ms)[0m  [1m[35mDROP DATABASE IF EXISTS "ninety_nine_cats_test"[0m
  ↳ bin/rails:4
  [1m[35m (534.4ms)[0m  [1m[35mCREATE DATABASE "ninety_nine_cats_development" ENCODING = 'unicode'[0m
  ↳ bin/rails:4
  [1m[35m (394.8ms)[0m  [1m[35mCREATE DATABASE "ninety_nine_cats_test" ENCODING = 'unicode'[0m
  ↳ bin/rails:4
  [1m[35mSQL (36.3ms)[0m  [1m[35mCREATE EXTENSION IF NOT EXISTS "plpgsql"[0m
  ↳ db/schema.rb:16
  [1m[35m (50.4ms)[0m  [1m[35mDROP TABLE IF EXISTS "cat_rental_requests" CASCADE[0m
  ↳ db/schema.rb:18
  [1m[35m (22.4ms)[0m  [1m[35mCREATE TABLE "cat_rental_requests" ("id" bigserial primary key, "cat_id" integer NOT NULL, "end_date" date NOT NULL, "start_date" date NOT NULL, "status" character varying NOT NULL, "created_at" timestamp NOT NULL, "updated_at" timestamp NOT NULL)[0m
  ↳ db/schema.rb:18
  [1m[35m (2.6ms)[0m  [1m[35mCREATE  INDEX  "index_cat_rental_requests_on_cat_id" ON "cat_rental_requests"  ("cat_id")[0m
  ↳ db/schema.rb:18
  [1m[35m (0.3ms)[0m  [1m[35mDROP TABLE IF EXISTS "cats" CASCADE[0m
  ↳ db/schema.rb:28
  [1m[35m (6.7ms)[0m  [1m[35mCREATE TABLE "cats" ("id" bigserial primary key, "birth_date" date NOT NULL, "color" character varying NOT NULL, "name" character varying NOT NULL, "sex" character varying NOT NULL, "description" text, "created_at" timestamp NOT NULL, "updated_at" timestamp NOT NULL)[0m
  ↳ db/schema.rb:28
  [1m[35m (5.5ms)[0m  [1m[35mCREATE TABLE "schema_migrations" ("version" character varying NOT NULL PRIMARY KEY)[0m
  ↳ db/schema.rb:13
  [1m[35m (1.6ms)[0m  [1m[34mSELECT "schema_migrations"."version" FROM "schema_migrations" ORDER BY "schema_migrations"."version" ASC[0m
  ↳ db/schema.rb:13
  [1m[35m (39.0ms)[0m  [1m[32mINSERT INTO "schema_migrations" (version) VALUES (20170714042724)[0m
  ↳ db/schema.rb:13
  [1m[35m (1.6ms)[0m  [1m[32mINSERT INTO "schema_migrations" (version) VALUES
(20170713053554),
(20170713053709);

[0m
  ↳ db/schema.rb:13
  [1m[35m (38.7ms)[0m  [1m[35mCREATE TABLE "ar_internal_metadata" ("key" character varying NOT NULL PRIMARY KEY, "value" character varying, "created_at" timestamp NOT NULL, "updated_at" timestamp NOT NULL)[0m
  ↳ db/schema.rb:13
  [1m[36mActiveRecord::InternalMetadata Load (0.8ms)[0m  [1m[34mSELECT  "ar_internal_metadata".* FROM "ar_internal_metadata" WHERE "ar_internal_metadata"."key" = $1 LIMIT $2[0m  [["key", "environment"], ["LIMIT", 1]]
  ↳ db/schema.rb:13
  [1m[35m (0.4ms)[0m  [1m[35mBEGIN[0m
  ↳ db/schema.rb:13
  [1m[36mActiveRecord::InternalMetadata Create (15.9ms)[0m  [1m[32mINSERT INTO "ar_internal_metadata" ("key", "value", "created_at", "updated_at") VALUES ($1, $2, $3, $4) RETURNING "key"[0m  [["key", "environment"], ["value", "development"], ["created_at", "2019-02-23 21:04:43.331768"], ["updated_at", "2019-02-23 21:04:43.331768"]]
  ↳ db/schema.rb:13
  [1m[35m (0.4ms)[0m  [1m[35mCOMMIT[0m
  ↳ db/schema.rb:13
  [1m[36mActiveRecord::InternalMetadata Load (0.7ms)[0m  [1m[34mSELECT  "ar_internal_metadata".* FROM "ar_internal_metadata" WHERE "ar_internal_metadata"."key" = $1 LIMIT $2[0m  [["key", "environment"], ["LIMIT", 1]]
  ↳ bin/rails:4
  [1m[35m (0.2ms)[0m  [1m[35mBEGIN[0m
  ↳ bin/rails:4
  [1m[35m (0.2ms)[0m  [1m[35mCOMMIT[0m
  ↳ bin/rails:4
  [1m[35mSQL (0.8ms)[0m  [1m[35mCREATE EXTENSION IF NOT EXISTS "plpgsql"[0m
  ↳ db/schema.rb:16
  [1m[35m (0.4ms)[0m  [1m[35mDROP TABLE IF EXISTS "cat_rental_requests" CASCADE[0m
  ↳ db/schema.rb:18
  [1m[35m (14.2ms)[0m  [1m[35mCREATE TABLE "cat_rental_requests" ("id" bigserial primary key, "cat_id" integer NOT NULL, "end_date" date NOT NULL, "start_date" date NOT NULL, "status" character varying NOT NULL, "created_at" timestamp NOT NULL, "updated_at" timestamp NOT NULL)[0m
  ↳ db/schema.rb:18
  [1m[35m (12.3ms)[0m  [1m[35mCREATE  INDEX  "index_cat_rental_requests_on_cat_id" ON "cat_rental_requests"  ("cat_id")[0m
  ↳ db/schema.rb:18
  [1m[35m (0.3ms)[0m  [1m[35mDROP TABLE IF EXISTS "cats" CASCADE[0m
  ↳ db/schema.rb:28
  [1m[35m (7.2ms)[0m  [1m[35mCREATE TABLE "cats" ("id" bigserial primary key, "birth_date" date NOT NULL, "color" character varying NOT NULL, "name" character varying NOT NULL, "sex" character varying NOT NULL, "description" text, "created_at" timestamp NOT NULL, "updated_at" timestamp NOT NULL)[0m
  ↳ db/schema.rb:28
  [1m[35m (6.5ms)[0m  [1m[35mCREATE TABLE "schema_migrations" ("version" character varying NOT NULL PRIMARY KEY)[0m
  ↳ db/schema.rb:13
  [1m[35m (1.2ms)[0m  [1m[34mSELECT "schema_migrations"."version" FROM "schema_migrations" ORDER BY "schema_migrations"."version" ASC[0m
  ↳ db/schema.rb:13
  [1m[35m (0.8ms)[0m  [1m[32mINSERT INTO "schema_migrations" (version) VALUES (20170714042724)[0m
  ↳ db/schema.rb:13
  [1m[35m (0.6ms)[0m  [1m[32mINSERT INTO "schema_migrations" (version) VALUES
(20170713053554),
(20170713053709);

[0m
  ↳ db/schema.rb:13
  [1m[35m (5.3ms)[0m  [1m[35mCREATE TABLE "ar_internal_metadata" ("key" character varying NOT NULL PRIMARY KEY, "value" character varying, "created_at" timestamp NOT NULL, "updated_at" timestamp NOT NULL)[0m
  ↳ db/schema.rb:13
  [1m[36mActiveRecord::InternalMetadata Load (0.6ms)[0m  [1m[34mSELECT  "ar_internal_metadata".* FROM "ar_internal_metadata" WHERE "ar_internal_metadata"."key" = $1 LIMIT $2[0m  [["key", "environment"], ["LIMIT", 1]]
  ↳ db/schema.rb:13
  [1m[35m (0.4ms)[0m  [1m[35mBEGIN[0m
  ↳ db/schema.rb:13
  [1m[36mActiveRecord::InternalMetadata Create (0.7ms)[0m  [1m[32mINSERT INTO "ar_internal_metadata" ("key", "value", "created_at", "updated_at") VALUES ($1, $2, $3, $4) RETURNING "key"[0m  [["key", "environment"], ["value", "development"], ["created_at", "2019-02-23 21:04:43.511063"], ["updated_at", "2019-02-23 21:04:43.511063"]]
  ↳ db/schema.rb:13
  [1m[35m (0.4ms)[0m  [1m[35mCOMMIT[0m
  ↳ db/schema.rb:13
  [1m[36mActiveRecord::InternalMetadata Load (0.7ms)[0m  [1m[34mSELECT  "ar_internal_metadata".* FROM "ar_internal_metadata" WHERE "ar_internal_metadata"."key" = $1 LIMIT $2[0m  [["key", "environment"], ["LIMIT", 1]]
  ↳ bin/rails:4
  [1m[35m (0.2ms)[0m  [1m[35mBEGIN[0m
  ↳ bin/rails:4
  [1m[36mActiveRecord::InternalMetadata Update (2.1ms)[0m  [1m[33mUPDATE "ar_internal_metadata" SET "value" = $1, "updated_at" = $2 WHERE "ar_internal_metadata"."key" = $3[0m  [["value", "test"], ["updated_at", "2019-02-23 21:04:43.517612"], ["key", "environment"]]
  ↳ bin/rails:4
  [1m[35m (0.4ms)[0m  [1m[35mCOMMIT[0m
  ↳ bin/rails:4
  [1m[35m (1.4ms)[0m  [1m[34mSELECT "schema_migrations"."version" FROM "schema_migrations" ORDER BY "schema_migrations"."version" ASC[0m
  ↳ bin/rails:4
  [1m[35m (2.5ms)[0m  [1m[34mSELECT pg_try_advisory_lock(723150122408807205)[0m
  ↳ bin/rails:4
  [1m[35m (0.9ms)[0m  [1m[34mSELECT "schema_migrations"."version" FROM "schema_migrations" ORDER BY "schema_migrations"."version" ASC[0m
  ↳ bin/rails:4
Migrating to CreateUsers (20190223210721)
  [1m[35m (0.2ms)[0m  [1m[35mBEGIN[0m
  ↳ bin/rails:4
  [1m[35m (47.8ms)[0m  [1m[35mCREATE TABLE "users" ("id" bigserial primary key, "username" character varying NOT NULL, "password_digest" character varying NOT NULL, "session_token" character varying NOT NULL, "created_at" timestamp NOT NULL, "updated_at" timestamp NOT NULL)[0m
  ↳ db/migrate/20190223210721_create_users.rb:3
  [1m[35m (1.7ms)[0m  [1m[35mCREATE  INDEX  "index_users_on_username" ON "users"  ("username")[0m
  ↳ db/migrate/20190223210721_create_users.rb:11
  [1m[35m (1.7ms)[0m  [1m[35mCREATE  INDEX  "index_users_on_session_token" ON "users"  ("session_token")[0m
  ↳ db/migrate/20190223210721_create_users.rb:12
  [1m[36mActiveRecord::SchemaMigration Create (0.9ms)[0m  [1m[32mINSERT INTO "schema_migrations" ("version") VALUES ($1) RETURNING "version"[0m  [["version", "20190223210721"]]
  ↳ bin/rails:4
  [1m[35m (21.1ms)[0m  [1m[35mCOMMIT[0m
  ↳ bin/rails:4
  [1m[36mActiveRecord::InternalMetadata Load (0.4ms)[0m  [1m[34mSELECT  "ar_internal_metadata".* FROM "ar_internal_metadata" WHERE "ar_internal_metadata"."key" = $1 LIMIT $2[0m  [["key", "environment"], ["LIMIT", 1]]
  ↳ bin/rails:4
  [1m[35m (0.1ms)[0m  [1m[35mBEGIN[0m
  ↳ bin/rails:4
  [1m[35m (0.3ms)[0m  [1m[35mCOMMIT[0m
  ↳ bin/rails:4
  [1m[35m (0.3ms)[0m  [1m[34mSELECT pg_advisory_unlock(723150122408807205)[0m
  ↳ bin/rails:4
  [1m[35m (0.4ms)[0m  [1m[34mSELECT "schema_migrations"."version" FROM "schema_migrations" ORDER BY "schema_migrations"."version" ASC[0m
  ↳ bin/rails:4
  [1m[35m (0.2ms)[0m  [1m[34mSELECT pg_try_advisory_lock(723150122408807205)[0m
  ↳ bin/rails:4
  [1m[35m (1.0ms)[0m  [1m[34mSELECT "schema_migrations"."version" FROM "schema_migrations" ORDER BY "schema_migrations"."version" ASC[0m
  ↳ bin/rails:4
Migrating to MakeSessionTokenUnique (20190223211926)
  [1m[35m (0.2ms)[0m  [1m[35mBEGIN[0m
  ↳ bin/rails:4
  [1m[35m (162.8ms)[0m  [1m[35mALTER TABLE "users" ALTER COLUMN "session_token" TYPE character varying[0m
  ↳ db/migrate/20190223211926_make_session_token_unique.rb:3
  [1m[36mActiveRecord::SchemaMigration Create (0.4ms)[0m  [1m[32mINSERT INTO "schema_migrations" ("version") VALUES ($1) RETURNING "version"[0m  [["version", "20190223211926"]]
  ↳ bin/rails:4
  [1m[35m (0.5ms)[0m  [1m[35mCOMMIT[0m
  ↳ bin/rails:4
  [1m[36mActiveRecord::InternalMetadata Load (0.5ms)[0m  [1m[34mSELECT  "ar_internal_metadata".* FROM "ar_internal_metadata" WHERE "ar_internal_metadata"."key" = $1 LIMIT $2[0m  [["key", "environment"], ["LIMIT", 1]]
  ↳ bin/rails:4
  [1m[35m (0.2ms)[0m  [1m[35mBEGIN[0m
  ↳ bin/rails:4
  [1m[35m (0.1ms)[0m  [1m[35mCOMMIT[0m
  ↳ bin/rails:4
  [1m[35m (0.2ms)[0m  [1m[34mSELECT pg_advisory_unlock(723150122408807205)[0m
  ↳ bin/rails:4
  [1m[35m (0.3ms)[0m  [1m[34mSELECT "schema_migrations"."version" FROM "schema_migrations" ORDER BY "schema_migrations"."version" ASC[0m
  ↳ bin/rails:4
Started GET "/cats" for 127.0.0.1 at 2019-02-24 13:38:59 -0800
  [1m[35m (1.4ms)[0m  [1m[34mSELECT "schema_migrations"."version" FROM "schema_migrations" ORDER BY "schema_migrations"."version" ASC[0m
  ↳ /Users/arash/.rbenv/versions/2.5.1/lib/ruby/gems/2.5.0/gems/activerecord-5.2.2/lib/active_record/log_subscriber.rb:98
Processing by CatsController#index as HTML
  Rendering cats/index.html.erb within layouts/application
  [1m[36mCat Load (3.0ms)[0m  [1m[34mSELECT "cats".* FROM "cats"[0m
  ↳ app/views/cats/index.html.erb:4
  Rendered cats/index.html.erb within layouts/application (17.2ms)
Completed 200 OK in 942ms (Views: 920.7ms | ActiveRecord: 10.2ms)


Started GET "/users/new" for 127.0.0.1 at 2019-02-24 13:39:09 -0800
Processing by UsersController#new as HTML
Completed 200 OK in 77ms (Views: 0.2ms | ActiveRecord: 62.0ms)


Started GET "/users/new" for 127.0.0.1 at 2019-02-24 13:39:25 -0800
Processing by UsersController#new as HTML
  Rendering users/new.html.erb within layouts/application
  Rendered users/_form.html.erb (1.4ms)
  Rendered users/new.html.erb within layouts/application (4.8ms)
Completed 200 OK in 109ms (Views: 89.0ms | ActiveRecord: 11.5ms)


Started POST "/users" for 127.0.0.1 at 2019-02-24 13:39:35 -0800
Processing by UsersController#create as HTML
  Parameters: {"authenticity_token"=>"FzAUvcGxgJWdL2swrk54jpjockvAr5/qBDo0Rfl3vUr8Rh+Bqg7QU55nDNjJqhtgqBZuy0xL/I2u1kTkOME1/A==", "user"=>{"username"=>"", "password"=>"[FILTERED]"}}
  [1m[35m (17.0ms)[0m  [1m[35mBEGIN[0m
  ↳ app/controllers/users_controller.rb:10
  [1m[36mUser Exists (52.5ms)[0m  [1m[34mSELECT  1 AS one FROM "users" WHERE "users"."username" = $1 LIMIT $2[0m  [["username", ""], ["LIMIT", 1]]
  ↳ app/controllers/users_controller.rb:10
  [1m[35m (0.8ms)[0m  [1m[31mROLLBACK[0m
  ↳ app/controllers/users_controller.rb:10
Completed 200 OK in 160ms (Views: 0.2ms | ActiveRecord: 70.3ms)


Started GET "/cats" for 127.0.0.1 at 2019-02-24 13:52:25 -0800
Processing by CatsController#index as HTML
  Rendering cats/index.html.erb within layouts/application
  [1m[36mCat Load (1.6ms)[0m  [1m[34mSELECT "cats".* FROM "cats"[0m
  ↳ app/views/cats/index.html.erb:4
  Rendered cats/index.html.erb within layouts/application (7.7ms)
Completed 200 OK in 30ms (Views: 20.2ms | ActiveRecord: 5.9ms)


Started GET "/cats/new" for 127.0.0.1 at 2019-02-24 13:52:33 -0800
Processing by CatsController#new as HTML
  Rendering cats/new.html.erb within layouts/application
  Rendered shared/_errors.html.erb (0.7ms)
  Rendered cats/_form.html.erb (0.8ms)
  Rendered cats/new.html.erb within layouts/application (7.6ms)
Completed 200 OK in 73ms (Views: 33.8ms | ActiveRecord: 25.1ms)


Started GET "/cats" for 127.0.0.1 at 2019-02-24 13:52:50 -0800
Processing by CatsController#index as HTML
  Rendering cats/index.html.erb within layouts/application
  [1m[36mCat Load (0.3ms)[0m  [1m[34mSELECT "cats".* FROM "cats"[0m
  ↳ app/views/cats/index.html.erb:4
  Rendered cats/index.html.erb within layouts/application (1.7ms)
Completed 200 OK in 46ms (Views: 45.7ms | ActiveRecord: 0.3ms)


Started GET "/cats/new" for 127.0.0.1 at 2019-02-24 15:15:09 -0800
Processing by CatsController#new as HTML
  Rendering cats/new.html.erb within layouts/application
  Rendered shared/_errors.html.erb (1.4ms)
  Rendered cats/_form.html.erb (1.0ms)
  Rendered cats/new.html.erb within layouts/application (13.1ms)
Completed 200 OK in 93ms (Views: 67.2ms | ActiveRecord: 14.0ms)


Started POST "/cats" for 127.0.0.1 at 2019-02-24 15:15:16 -0800
Processing by CatsController#create as HTML
  Parameters: {"cat"=>{"name"=>"", "birth_date"=>"", "description"=>""}}
  [1m[35m (0.2ms)[0m  [1m[35mBEGIN[0m
  ↳ app/controllers/cats_controller.rb:19
  [1m[35m (0.6ms)[0m  [1m[31mROLLBACK[0m
  ↳ app/controllers/cats_controller.rb:19
  Rendering cats/new.html.erb within layouts/application
  Rendered shared/_errors.html.erb (0.3ms)
  Rendered cats/_form.html.erb (0.7ms)
  Rendered cats/new.html.erb within layouts/application (5.2ms)
Completed 200 OK in 36ms (Views: 29.2ms | ActiveRecord: 0.8ms)


  [1m[35m (1.2ms)[0m  [1m[34mSELECT pg_try_advisory_lock(723150122408807205)[0m
  ↳ bin/rails:4
  [1m[35m (20.9ms)[0m  [1m[34mSELECT "schema_migrations"."version" FROM "schema_migrations" ORDER BY "schema_migrations"."version" ASC[0m
  ↳ bin/rails:4
Migrating to AddUserIdToCats (20190225200033)
  [1m[35m (0.2ms)[0m  [1m[35mBEGIN[0m
  ↳ bin/rails:4
  [1m[35m (24.0ms)[0m  [1m[31mROLLBACK[0m
  ↳ bin/rails:4
  [1m[35m (0.3ms)[0m  [1m[34mSELECT pg_advisory_unlock(723150122408807205)[0m
  ↳ bin/rails:4
  [1m[35m (0.2ms)[0m  [1m[34mSELECT pg_try_advisory_lock(723150122408807205)[0m
  ↳ bin/rails:4
  [1m[35m (0.9ms)[0m  [1m[34mSELECT "schema_migrations"."version" FROM "schema_migrations" ORDER BY "schema_migrations"."version" ASC[0m
  ↳ bin/rails:4
Migrating to AddUserIdToCats (20190225200033)
  [1m[35m (0.2ms)[0m  [1m[35mBEGIN[0m
  ↳ bin/rails:4
  [1m[35m (0.2ms)[0m  [1m[31mROLLBACK[0m
  ↳ bin/rails:4
  [1m[35m (0.3ms)[0m  [1m[34mSELECT pg_advisory_unlock(723150122408807205)[0m
  ↳ bin/rails:4
  [1m[35m (0.3ms)[0m  [1m[34mSELECT pg_try_advisory_lock(723150122408807205)[0m
  ↳ bin/rails:4
  [1m[35m (0.9ms)[0m  [1m[34mSELECT "schema_migrations"."version" FROM "schema_migrations" ORDER BY "schema_migrations"."version" ASC[0m
  ↳ bin/rails:4
Migrating to AddUserIdToCats (20190225200033)
  [1m[35m (0.2ms)[0m  [1m[35mBEGIN[0m
  ↳ bin/rails:4
  [1m[35m (67.8ms)[0m  [1m[35mALTER TABLE "cats" ADD "user_id" integer NOT NULL[0m
  ↳ db/migrate/20190225200033_add_user_id_to_cats.rb:3
  [1m[35m (5.5ms)[0m  [1m[35mCREATE  INDEX  "index_cats_on_user_id" ON "cats"  ("user_id")[0m
  ↳ db/migrate/20190225200033_add_user_id_to_cats.rb:4
  [1m[36mActiveRecord::SchemaMigration Create (1.0ms)[0m  [1m[32mINSERT INTO "schema_migrations" ("version") VALUES ($1) RETURNING "version"[0m  [["version", "20190225200033"]]
  ↳ bin/rails:4
  [1m[35m (1.5ms)[0m  [1m[35mCOMMIT[0m
  ↳ bin/rails:4
  [1m[36mActiveRecord::InternalMetadata Load (2.0ms)[0m  [1m[34mSELECT  "ar_internal_metadata".* FROM "ar_internal_metadata" WHERE "ar_internal_metadata"."key" = $1 LIMIT $2[0m  [["key", "environment"], ["LIMIT", 1]]
  ↳ bin/rails:4
  [1m[35m (0.2ms)[0m  [1m[35mBEGIN[0m
  ↳ bin/rails:4
  [1m[35m (0.3ms)[0m  [1m[35mCOMMIT[0m
  ↳ bin/rails:4
  [1m[35m (0.4ms)[0m  [1m[34mSELECT pg_advisory_unlock(723150122408807205)[0m
  ↳ bin/rails:4
  [1m[35m (0.4ms)[0m  [1m[34mSELECT "schema_migrations"."version" FROM "schema_migrations" ORDER BY "schema_migrations"."version" ASC[0m
  ↳ bin/rails:4
Started GET "/cats" for 127.0.0.1 at 2019-02-25 12:13:02 -0800
  [1m[35m (0.9ms)[0m  [1m[34mSELECT "schema_migrations"."version" FROM "schema_migrations" ORDER BY "schema_migrations"."version" ASC[0m
  ↳ /Users/arash/.rbenv/versions/2.5.1/lib/ruby/gems/2.5.0/gems/activerecord-5.2.2/lib/active_record/log_subscriber.rb:98
Processing by CatsController#index as HTML
  Rendering cats/index.html.erb within layouts/application
  [1m[36mCat Load (0.9ms)[0m  [1m[34mSELECT "cats".* FROM "cats"[0m
  ↳ app/views/cats/index.html.erb:4
  Rendered cats/index.html.erb within layouts/application (6.6ms)
Completed 200 OK in 272ms (Views: 257.4ms | ActiveRecord: 3.5ms)


Started GET "/cats/new" for 127.0.0.1 at 2019-02-25 12:13:05 -0800
Processing by CatsController#new as HTML
  Rendering cats/new.html.erb within layouts/application
  Rendered shared/_errors.html.erb (1.0ms)
  Rendered cats/_form.html.erb (1.1ms)
  Rendered cats/new.html.erb within layouts/application (26.8ms)
Completed 200 OK in 65ms (Views: 49.7ms | ActiveRecord: 4.5ms)


Started POST "/cats" for 127.0.0.1 at 2019-02-25 12:13:44 -0800
Processing by CatsController#create as HTML
  Parameters: {"authenticity_token"=>"hC2lQTe8DfDzRBXUW1W8VmduOQighiMLqKSaM4BkGY1vW659XANdNvAMcjw8sd+4V5AliCxiQGwCSOqSQdKROw==", "cat"=>{"name"=>"Earl", "birth_date"=>"2016-02-10", "color"=>"white", "sex"=>"M", "description"=>"Cute and fluffy boy!"}}
  [1m[35m (0.2ms)[0m  [1m[35mBEGIN[0m
  ↳ app/controllers/cats_controller.rb:19
  [1m[35m (0.2ms)[0m  [1m[31mROLLBACK[0m
  ↳ app/controllers/cats_controller.rb:19
Completed 500 Internal Server Error in 12ms (ActiveRecord: 0.4ms)



NoMethodError - undefined method `cat_id' for #<Cat:0x00007fd8501ab7f8>:
  app/controllers/cats_controller.rb:19:in `create'

Started POST "/__better_errors/494740b5c27bad7f/variables" for 127.0.0.1 at 2019-02-25 12:13:44 -0800
Started GET "/users" for 127.0.0.1 at 2019-02-25 12:34:15 -0800
  
ActionController::RoutingError (No route matches [GET] "/users"):
  
actionpack (5.2.2) lib/action_dispatch/middleware/debug_exceptions.rb:65:in `call'
web-console (3.7.0) lib/web_console/middleware.rb:135:in `call_app'
web-console (3.7.0) lib/web_console/middleware.rb:30:in `block in call'
web-console (3.7.0) lib/web_console/middleware.rb:20:in `catch'
web-console (3.7.0) lib/web_console/middleware.rb:20:in `call'
actionpack (5.2.2) lib/action_dispatch/middleware/show_exceptions.rb:33:in `call'
railties (5.2.2) lib/rails/rack/logger.rb:38:in `call_app'
railties (5.2.2) lib/rails/rack/logger.rb:26:in `block in call'
activesupport (5.2.2) lib/active_support/tagged_logging.rb:71:in `block in tagged'
activesupport (5.2.2) lib/active_support/tagged_logging.rb:28:in `tagged'
activesupport (5.2.2) lib/active_support/tagged_logging.rb:71:in `tagged'
railties (5.2.2) lib/rails/rack/logger.rb:26:in `call'
sprockets-rails (3.2.1) lib/sprockets/rails/quiet_assets.rb:13:in `call'
actionpack (5.2.2) lib/action_dispatch/middleware/remote_ip.rb:81:in `call'
actionpack (5.2.2) lib/action_dispatch/middleware/request_id.rb:27:in `call'
rack (2.0.6) lib/rack/method_override.rb:22:in `call'
rack (2.0.6) lib/rack/runtime.rb:22:in `call'
activesupport (5.2.2) lib/active_support/cache/strategy/local_cache_middleware.rb:29:in `call'
actionpack (5.2.2) lib/action_dispatch/middleware/executor.rb:14:in `call'
actionpack (5.2.2) lib/action_dispatch/middleware/static.rb:127:in `call'
rack (2.0.6) lib/rack/sendfile.rb:111:in `call'
railties (5.2.2) lib/rails/engine.rb:524:in `call'
puma (3.12.0) lib/puma/configuration.rb:225:in `call'
puma (3.12.0) lib/puma/server.rb:658:in `handle_request'
puma (3.12.0) lib/puma/server.rb:472:in `process_client'
puma (3.12.0) lib/puma/server.rb:332:in `block in run'
puma (3.12.0) lib/puma/thread_pool.rb:133:in `block in spawn_thread'
Started GET "/users/new" for 127.0.0.1 at 2019-02-25 12:34:21 -0800
Processing by UsersController#new as HTML
  Rendering users/new.html.erb within layouts/application
  Rendered users/_form.html.erb (1.4ms)
  Rendered users/new.html.erb within layouts/application (8.6ms)
Completed 200 OK in 118ms (Views: 49.4ms | ActiveRecord: 45.2ms)


Started POST "/users" for 127.0.0.1 at 2019-02-25 12:34:35 -0800
Processing by UsersController#create as HTML
  Parameters: {"authenticity_token"=>"LoCbvRPbr7CNeYjzgefaoZ7+JyAATzLjZnaR/12Iv1XF9pCBeGT/do4x7xvmA7lPrgA7oIyrUYTMmuFenD434w==", "user"=>{"username"=>"arash123", "password"=>"[FILTERED]"}}
  [1m[35m (0.2ms)[0m  [1m[35mBEGIN[0m
  ↳ app/controllers/users_controller.rb:12
  [1m[36mUser Exists (4.0ms)[0m  [1m[34mSELECT  1 AS one FROM "users" WHERE "users"."username" = $1 LIMIT $2[0m  [["username", "arash123"], ["LIMIT", 1]]
  ↳ app/controllers/users_controller.rb:12
  [1m[36mUser Create (5.5ms)[0m  [1m[32mINSERT INTO "users" ("username", "password_digest", "created_at", "updated_at") VALUES ($1, $2, $3, $4) RETURNING "id"[0m  [["username", "arash123"], ["password_digest", "$2a$10$mJsYF.3MA5xvYJKW90Z1huy/GGW1sk6RDV8OO3.hUXdVYQmIqA4RO"], ["created_at", "2019-02-25 20:34:35.804099"], ["updated_at", "2019-02-25 20:34:35.804099"]]
  ↳ app/controllers/users_controller.rb:12
  [1m[35m (0.2ms)[0m  [1m[31mROLLBACK[0m
  ↳ app/controllers/users_controller.rb:12
Completed 500 Internal Server Error in 81ms (ActiveRecord: 9.9ms)



PG::NotNullViolation - ERROR:  null value in column "session_token" violates not-null constraint
DETAIL:  Failing row contains (1, arash123, $2a$10$mJsYF.3MA5xvYJKW90Z1huy/GGW1sk6RDV8OO3.hUXdVYQmIqA4RO, null, 2019-02-25 20:34:35.804099, 2019-02-25 20:34:35.804099).
:
  app/controllers/users_controller.rb:12:in `create'

Started POST "/__better_errors/3d5de0eb4b8f4553/variables" for 127.0.0.1 at 2019-02-25 12:34:35 -0800
Started POST "/__better_errors/3d5de0eb4b8f4553/eval" for 127.0.0.1 at 2019-02-25 12:35:04 -0800
Started POST "/__better_errors/3d5de0eb4b8f4553/eval" for 127.0.0.1 at 2019-02-25 12:35:20 -0800
Started POST "/users" for 127.0.0.1 at 2019-02-25 12:37:21 -0800
Processing by UsersController#create as HTML
  Parameters: {"authenticity_token"=>"LoCbvRPbr7CNeYjzgefaoZ7+JyAATzLjZnaR/12Iv1XF9pCBeGT/do4x7xvmA7lPrgA7oIyrUYTMmuFenD434w==", "user"=>{"username"=>"arash123", "password"=>"[FILTERED]"}}
  [1m[35m (0.2ms)[0m  [1m[35mBEGIN[0m
  ↳ app/controllers/users_controller.rb:12
  [1m[36mUser Exists (0.5ms)[0m  [1m[34mSELECT  1 AS one FROM "users" WHERE "users"."username" = $1 LIMIT $2[0m  [["username", "arash123"], ["LIMIT", 1]]
  ↳ app/controllers/users_controller.rb:12
  [1m[36mUser Create (1.9ms)[0m  [1m[32mINSERT INTO "users" ("username", "password_digest", "created_at", "updated_at") VALUES ($1, $2, $3, $4) RETURNING "id"[0m  [["username", "arash123"], ["password_digest", "$2a$10$6xQ0KDilNK2h.82r5sSR2.i5mM2L5zOsMbeEnHeVryNdheOIZL/YK"], ["created_at", "2019-02-25 20:37:22.165265"], ["updated_at", "2019-02-25 20:37:22.165265"]]
  ↳ app/controllers/users_controller.rb:12
  [1m[35m (1.0ms)[0m  [1m[31mROLLBACK[0m
  ↳ app/controllers/users_controller.rb:12
Completed 500 Internal Server Error in 125ms (ActiveRecord: 38.7ms)



PG::NotNullViolation - ERROR:  null value in column "session_token" violates not-null constraint
DETAIL:  Failing row contains (2, arash123, $2a$10$6xQ0KDilNK2h.82r5sSR2.i5mM2L5zOsMbeEnHeVryNdheOIZL/YK, null, 2019-02-25 20:37:22.165265, 2019-02-25 20:37:22.165265).
:
  app/controllers/users_controller.rb:12:in `create'

Started POST "/__better_errors/09ebfc1aaee015e5/variables" for 127.0.0.1 at 2019-02-25 12:37:22 -0800
Started POST "/users" for 127.0.0.1 at 2019-02-25 12:40:22 -0800
Processing by UsersController#create as HTML
  Parameters: {"authenticity_token"=>"LoCbvRPbr7CNeYjzgefaoZ7+JyAATzLjZnaR/12Iv1XF9pCBeGT/do4x7xvmA7lPrgA7oIyrUYTMmuFenD434w==", "user"=>{"username"=>"arash123", "password"=>"[FILTERED]"}}
Completed 500 Internal Server Error in 121ms (ActiveRecord: 33.3ms)



RuntimeError - :
  app/controllers/users_controller.rb:12:in `create'

Started POST "/__better_errors/4257d4cb814a28b1/variables" for 127.0.0.1 at 2019-02-25 12:40:23 -0800
Started POST "/__better_errors/4257d4cb814a28b1/eval" for 127.0.0.1 at 2019-02-25 12:40:27 -0800
  [1m[35m (0.2ms)[0m  [1m[35mBEGIN[0m
  [1m[36mUser Exists (1.1ms)[0m  [1m[34mSELECT  1 AS one FROM "users" WHERE "users"."username" = $1 LIMIT $2[0m  [["username", "asd"], ["LIMIT", 1]]
  [1m[36mUser Create (42.0ms)[0m  [1m[32mINSERT INTO "users" ("username", "password_digest", "session_token", "created_at", "updated_at") VALUES ($1, $2, $3, $4, $5) RETURNING "id"[0m  [["username", "asd"], ["password_digest", "$2a$10$lrBcQ2ZXhrmAzjbUC0e7XO45G3/Ev9CFquUWkL1CnL14Bpi3NqfoG"], ["session_token", "jWPofvKlbduhdWEVrBN9wA"], ["created_at", "2019-02-25 20:40:56.536557"], ["updated_at", "2019-02-25 20:40:56.536557"]]
  [1m[35m (1.8ms)[0m  [1m[35mCOMMIT[0m
Started POST "/__better_errors/4257d4cb814a28b1/eval" for 127.0.0.1 at 2019-02-25 12:41:12 -0800
  [1m[35m (0.2ms)[0m  [1m[35mBEGIN[0m
  ↳ app/controllers/users_controller.rb:12
  [1m[36mUser Exists (0.7ms)[0m  [1m[34mSELECT  1 AS one FROM "users" WHERE "users"."username" = $1 LIMIT $2[0m  [["username", "arash123"], ["LIMIT", 1]]
  ↳ app/controllers/users_controller.rb:12
  [1m[36mUser Create (1.5ms)[0m  [1m[32mINSERT INTO "users" ("username", "password_digest", "session_token", "created_at", "updated_at") VALUES ($1, $2, $3, $4, $5) RETURNING "id"[0m  [["username", "arash123"], ["password_digest", "$2a$10$UkjhYcfgGNBXWzINGfs8GeCpo2yqVCDism26fA8Wzx43nzloNl6wm"], ["session_token", "mt9LOjiztp1W0dO19foAnA"], ["created_at", "2019-02-25 20:41:12.117696"], ["updated_at", "2019-02-25 20:41:12.117696"]]
  ↳ app/controllers/users_controller.rb:12
  [1m[35m (1.4ms)[0m  [1m[35mCOMMIT[0m
  ↳ app/controllers/users_controller.rb:12
Started GET "/users/new" for 127.0.0.1 at 2019-02-25 12:41:49 -0800
  [1m[35m (1.3ms)[0m  [1m[34mSELECT "schema_migrations"."version" FROM "schema_migrations" ORDER BY "schema_migrations"."version" ASC[0m
  ↳ /Users/arash/.rbenv/versions/2.5.1/lib/ruby/gems/2.5.0/gems/activerecord-5.2.2/lib/active_record/log_subscriber.rb:98
Processing by UsersController#new as HTML
  Rendering users/new.html.erb within layouts/application
  Rendered users/_form.html.erb (0.7ms)
  Rendered users/new.html.erb within layouts/application (4.1ms)
Completed 200 OK in 216ms (Views: 190.6ms | ActiveRecord: 5.9ms)


Started POST "/users" for 127.0.0.1 at 2019-02-25 12:42:00 -0800
Processing by UsersController#create as HTML
  Parameters: {"authenticity_token"=>"iUoBvD6vlUTR0phRvdTnd5Ay7PUUTZB74pd4eWEp1KRiPAqAVRDFgtKa/7naMISZoMzwdZip8xxIewjYoJ9cEg==", "user"=>{"username"=>"arash123", "password"=>"[FILTERED]"}}
  [1m[35m (0.2ms)[0m  [1m[35mBEGIN[0m
  ↳ app/controllers/users_controller.rb:13
  [1m[36mUser Exists (2.8ms)[0m  [1m[34mSELECT  1 AS one FROM "users" WHERE "users"."username" = $1 LIMIT $2[0m  [["username", "arash123"], ["LIMIT", 1]]
  ↳ app/controllers/users_controller.rb:13
  [1m[35m (1.4ms)[0m  [1m[31mROLLBACK[0m
  ↳ app/controllers/users_controller.rb:13
Completed 200 OK in 109ms (Views: 0.3ms | ActiveRecord: 9.3ms)


Started POST "/users" for 127.0.0.1 at 2019-02-25 12:42:16 -0800
Processing by UsersController#create as HTML
  Parameters: {"authenticity_token"=>"iUoBvD6vlUTR0phRvdTnd5Ay7PUUTZB74pd4eWEp1KRiPAqAVRDFgtKa/7naMISZoMzwdZip8xxIewjYoJ9cEg==", "user"=>{"username"=>"arash", "password"=>"[FILTERED]"}}
  [1m[35m (0.2ms)[0m  [1m[35mBEGIN[0m
  ↳ app/controllers/users_controller.rb:13
  [1m[36mUser Exists (0.4ms)[0m  [1m[34mSELECT  1 AS one FROM "users" WHERE "users"."username" = $1 LIMIT $2[0m  [["username", "arash"], ["LIMIT", 1]]
  ↳ app/controllers/users_controller.rb:13
  [1m[36mUser Create (0.7ms)[0m  [1m[32mINSERT INTO "users" ("username", "password_digest", "session_token", "created_at", "updated_at") VALUES ($1, $2, $3, $4, $5) RETURNING "id"[0m  [["username", "arash"], ["password_digest", "$2a$10$LRKAy1ODyFB06b6iVjOQhuDDFAfIiirh5slC59QmonFbRJTScb.MO"], ["session_token", "XystCAvML7wYJN2e88o8-Q"], ["created_at", "2019-02-25 20:42:16.225360"], ["updated_at", "2019-02-25 20:42:16.225360"]]
  ↳ app/controllers/users_controller.rb:13
  [1m[35m (1.4ms)[0m  [1m[35mCOMMIT[0m
  ↳ app/controllers/users_controller.rb:13
Completed 500 Internal Server Error in 86ms (ActiveRecord: 2.7ms)



ActionView::MissingTemplate - Missing template http://localhost:3000/cats with {:locale=>[:en], :formats=>[:html], :variants=>[], :handlers=>[:raw, :erb, :html, :builder, :ruby, :coffee, :jbuilder]}. Searched in:
  * "/Users/arash/Desktop/AppAcademy/aA-homeworks/ninety_nine_cats/app/views"
:
  app/controllers/users_controller.rb:15:in `create'

Started POST "/__better_errors/b2c9f6bb5c599e44/variables" for 127.0.0.1 at 2019-02-25 12:42:16 -0800
Started GET "/cats" for 127.0.0.1 at 2019-02-25 12:43:50 -0800
Processing by CatsController#index as HTML
  Rendering cats/index.html.erb within layouts/application
  [1m[36mCat Load (1.0ms)[0m  [1m[34mSELECT "cats".* FROM "cats"[0m
  ↳ app/views/cats/index.html.erb:4
  Rendered cats/index.html.erb within layouts/application (5.5ms)
Completed 200 OK in 39ms (Views: 29.1ms | ActiveRecord: 3.1ms)


Started GET "/cats/new" for 127.0.0.1 at 2019-02-25 12:44:04 -0800
Processing by CatsController#new as HTML
  Rendering cats/new.html.erb within layouts/application
  Rendered shared/_errors.html.erb (1.5ms)
  Rendered cats/_form.html.erb (1.5ms)
  Rendered cats/new.html.erb within layouts/application (9.0ms)
Completed 200 OK in 55ms (Views: 41.3ms | ActiveRecord: 3.1ms)


  [1m[36mUser Load (0.8ms)[0m  [1m[34mSELECT "users".* FROM "users"[0m
Started GET "/users/new" for 127.0.0.1 at 2019-02-25 12:45:53 -0800
Processing by UsersController#new as HTML
  Rendering users/new.html.erb within layouts/application
  Rendered users/_form.html.erb (0.6ms)
  Rendered users/new.html.erb within layouts/application (4.1ms)
Completed 200 OK in 36ms (Views: 35.4ms | ActiveRecord: 0.0ms)


Started POST "/users" for 127.0.0.1 at 2019-02-25 12:46:03 -0800
Processing by UsersController#create as HTML
  Parameters: {"authenticity_token"=>"dztTB64j5Wya/3Tcigz/ufKDyrxEx+TAIoWhO1FA8q2cTVg7xZy1qpm3EzTt6JxXwn3WPMgjh6eIadGakPZ6Gw==", "user"=>{"username"=>"arash12", "password"=>"[FILTERED]"}}
  [1m[35m (0.2ms)[0m  [1m[35mBEGIN[0m
  ↳ app/controllers/users_controller.rb:13
  [1m[36mUser Exists (0.7ms)[0m  [1m[34mSELECT  1 AS one FROM "users" WHERE "users"."username" = $1 LIMIT $2[0m  [["username", "arash12"], ["LIMIT", 1]]
  ↳ app/controllers/users_controller.rb:13
  [1m[36mUser Create (0.4ms)[0m  [1m[32mINSERT INTO "users" ("username", "password_digest", "session_token", "created_at", "updated_at") VALUES ($1, $2, $3, $4, $5) RETURNING "id"[0m  [["username", "arash12"], ["password_digest", "$2a$10$FlZzzcsKwHPhm4WQwiatXOzpjugedtAtSzVTlmHgUFNbcTZhvI/CW"], ["session_token", "KXSca7_G6I503ELG4chXcA"], ["created_at", "2019-02-25 20:46:03.892292"], ["updated_at", "2019-02-25 20:46:03.892292"]]
  ↳ app/controllers/users_controller.rb:13
  [1m[35m (1.4ms)[0m  [1m[35mCOMMIT[0m
  ↳ app/controllers/users_controller.rb:13
Completed 500 Internal Server Error in 75ms (ActiveRecord: 2.6ms)



ActionView::MissingTemplate - Missing template http://localhost:3000/cats with {:locale=>[:en], :formats=>[:html], :variants=>[], :handlers=>[:raw, :erb, :html, :builder, :ruby, :coffee, :jbuilder]}. Searched in:
  * "/Users/arash/Desktop/AppAcademy/aA-homeworks/ninety_nine_cats/app/views"
:
  app/controllers/users_controller.rb:15:in `create'

Started POST "/__better_errors/c9423b5723961c9b/variables" for 127.0.0.1 at 2019-02-25 12:46:03 -0800
Started GET "/users/new" for 127.0.0.1 at 2019-02-25 12:46:59 -0800
Processing by UsersController#new as HTML
  Rendering users/new.html.erb within layouts/application
  Rendered users/_form.html.erb (0.5ms)
  Rendered users/new.html.erb within layouts/application (3.0ms)
Completed 200 OK in 47ms (Views: 30.9ms | ActiveRecord: 5.7ms)


Started GET "/users/new" for 127.0.0.1 at 2019-02-25 12:47:00 -0800
Processing by UsersController#new as HTML
  Rendering users/new.html.erb within layouts/application
  Rendered users/_form.html.erb (0.6ms)
  Rendered users/new.html.erb within layouts/application (3.2ms)
Completed 200 OK in 33ms (Views: 32.0ms | ActiveRecord: 0.0ms)


Started GET "/sessions/new" for 127.0.0.1 at 2019-02-25 12:47:08 -0800
  
ActionController::RoutingError (No route matches [GET] "/sessions/new"):
  
actionpack (5.2.2) lib/action_dispatch/middleware/debug_exceptions.rb:65:in `call'
web-console (3.7.0) lib/web_console/middleware.rb:135:in `call_app'
web-console (3.7.0) lib/web_console/middleware.rb:30:in `block in call'
web-console (3.7.0) lib/web_console/middleware.rb:20:in `catch'
web-console (3.7.0) lib/web_console/middleware.rb:20:in `call'
actionpack (5.2.2) lib/action_dispatch/middleware/show_exceptions.rb:33:in `call'
railties (5.2.2) lib/rails/rack/logger.rb:38:in `call_app'
railties (5.2.2) lib/rails/rack/logger.rb:26:in `block in call'
activesupport (5.2.2) lib/active_support/tagged_logging.rb:71:in `block in tagged'
activesupport (5.2.2) lib/active_support/tagged_logging.rb:28:in `tagged'
activesupport (5.2.2) lib/active_support/tagged_logging.rb:71:in `tagged'
railties (5.2.2) lib/rails/rack/logger.rb:26:in `call'
sprockets-rails (3.2.1) lib/sprockets/rails/quiet_assets.rb:13:in `call'
actionpack (5.2.2) lib/action_dispatch/middleware/remote_ip.rb:81:in `call'
actionpack (5.2.2) lib/action_dispatch/middleware/request_id.rb:27:in `call'
rack (2.0.6) lib/rack/method_override.rb:22:in `call'
rack (2.0.6) lib/rack/runtime.rb:22:in `call'
activesupport (5.2.2) lib/active_support/cache/strategy/local_cache_middleware.rb:29:in `call'
actionpack (5.2.2) lib/action_dispatch/middleware/executor.rb:14:in `call'
actionpack (5.2.2) lib/action_dispatch/middleware/static.rb:127:in `call'
rack (2.0.6) lib/rack/sendfile.rb:111:in `call'
railties (5.2.2) lib/rails/engine.rb:524:in `call'
puma (3.12.0) lib/puma/configuration.rb:225:in `call'
puma (3.12.0) lib/puma/server.rb:658:in `handle_request'
puma (3.12.0) lib/puma/server.rb:472:in `process_client'
puma (3.12.0) lib/puma/server.rb:332:in `block in run'
puma (3.12.0) lib/puma/thread_pool.rb:133:in `block in spawn_thread'
Started GET "/session/new" for 127.0.0.1 at 2019-02-25 12:48:18 -0800
Processing by SessionsController#new as HTML
  Rendering sessions/new.html.erb within layouts/application
  Rendered sessions/new.html.erb within layouts/application (0.5ms)
Completed 200 OK in 31ms (Views: 27.9ms | ActiveRecord: 0.0ms)


Started POST "/session" for 127.0.0.1 at 2019-02-25 12:48:27 -0800
Processing by SessionsController#create as HTML
  Parameters: {"authenticity_token"=>"R3xpy75dBDKESqa85tyVf8azLa942BhErjs3nQnhsT6sCmL31eJU9IcCwVSBOPaR9k0xL/Q8eyME10c8yFc5iA==", "user"=>{"username"=>"arash12", "password"=>"[FILTERED]"}}
  [1m[36mUser Load (1.7ms)[0m  [1m[34mSELECT  "users".* FROM "users" WHERE "users"."username" = $1 LIMIT $2[0m  [["username", "arash12"], ["LIMIT", 1]]
  ↳ app/models/user.rb:20
Redirected to http://localhost:3000/cats
Completed 302 Found in 74ms (ActiveRecord: 2.0ms)


Started GET "/cats" for 127.0.0.1 at 2019-02-25 12:48:27 -0800
Processing by CatsController#index as HTML
  Rendering cats/index.html.erb within layouts/application
  [1m[36mCat Load (0.4ms)[0m  [1m[34mSELECT "cats".* FROM "cats"[0m
  ↳ app/views/cats/index.html.erb:4
  Rendered cats/index.html.erb within layouts/application (3.9ms)
  [1m[36mUser Load (0.4ms)[0m  [1m[34mSELECT  "users".* FROM "users" WHERE "users"."session_token" = $1 LIMIT $2[0m  [["session_token", "KXSca7_G6I503ELG4chXcA"], ["LIMIT", 1]]
  ↳ app/controllers/application_controller.rb:17
Completed 200 OK in 50ms (Views: 29.7ms | ActiveRecord: 2.4ms)


Started DELETE "/session" for 127.0.0.1 at 2019-02-25 12:48:32 -0800
Processing by SessionsController#destroy as HTML
  Parameters: {"authenticity_token"=>"cMbK9FEIjDWdhjBLjwPej1HIHabJ4ki0UF1s7gy8nhObsMHIOrfc857OV6Po571hYTYBJkUGK9P6sRxPzQoWpQ=="}
  [1m[36mUser Load (1.2ms)[0m  [1m[34mSELECT  "users".* FROM "users" WHERE "users"."session_token" = $1 LIMIT $2[0m  [["session_token", "KXSca7_G6I503ELG4chXcA"], ["LIMIT", 1]]
  ↳ app/controllers/application_controller.rb:17
  [1m[35m (0.2ms)[0m  [1m[35mBEGIN[0m
  ↳ app/models/user.rb:27
  [1m[36mUser Exists (2.0ms)[0m  [1m[34mSELECT  1 AS one FROM "users" WHERE "users"."username" = $1 AND "users"."id" != $2 LIMIT $3[0m  [["username", "arash12"], ["id", 6], ["LIMIT", 1]]
  ↳ app/models/user.rb:27
  [1m[36mUser Update (0.7ms)[0m  [1m[33mUPDATE "users" SET "session_token" = $1, "updated_at" = $2 WHERE "users"."id" = $3[0m  [["session_token", "LRVPuQufihBG1HHzrgg7pA"], ["updated_at", "2019-02-25 20:48:32.086661"], ["id", 6]]
  ↳ app/models/user.rb:27
  [1m[35m (0.4ms)[0m  [1m[35mCOMMIT[0m
  ↳ app/models/user.rb:27
Redirected to http://localhost:3000/session/new
Completed 302 Found in 13ms (ActiveRecord: 4.5ms)


Started GET "/session/new" for 127.0.0.1 at 2019-02-25 12:48:32 -0800
Processing by SessionsController#new as HTML
  Rendering sessions/new.html.erb within layouts/application
  Rendered sessions/new.html.erb within layouts/application (0.5ms)
Completed 200 OK in 24ms (Views: 23.7ms | ActiveRecord: 0.0ms)


Started POST "/session" for 127.0.0.1 at 2019-02-25 12:48:38 -0800
Processing by SessionsController#create as HTML
  Parameters: {"authenticity_token"=>"xrLWDZXLIOMGvpwuoWPU/avRw37JAbZxlgmyPPg1VvQtxN0x/nRwJQX2+8bGh7cTmy/f/kXl1RY85cKdOYPeQg==", "user"=>{"username"=>"arash12", "password"=>"[FILTERED]"}}
  [1m[36mUser Load (1.3ms)[0m  [1m[34mSELECT  "users".* FROM "users" WHERE "users"."username" = $1 LIMIT $2[0m  [["username", "arash12"], ["LIMIT", 1]]
  ↳ app/models/user.rb:20
Redirected to http://localhost:3000/cats
Completed 302 Found in 67ms (ActiveRecord: 1.3ms)


Started GET "/cats" for 127.0.0.1 at 2019-02-25 12:48:38 -0800
Processing by CatsController#index as HTML
  Rendering cats/index.html.erb within layouts/application
  [1m[36mCat Load (0.4ms)[0m  [1m[34mSELECT "cats".* FROM "cats"[0m
  ↳ app/views/cats/index.html.erb:4
  Rendered cats/index.html.erb within layouts/application (2.1ms)
  [1m[36mUser Load (0.4ms)[0m  [1m[34mSELECT  "users".* FROM "users" WHERE "users"."session_token" = $1 LIMIT $2[0m  [["session_token", "LRVPuQufihBG1HHzrgg7pA"], ["LIMIT", 1]]
  ↳ app/controllers/application_controller.rb:17
Completed 200 OK in 26ms (Views: 24.5ms | ActiveRecord: 0.8ms)


Started GET "/cats/new" for 127.0.0.1 at 2019-02-25 12:48:44 -0800
Processing by CatsController#new as HTML
  Rendering cats/new.html.erb within layouts/application
  Rendered shared/_errors.html.erb (0.8ms)
  Rendered cats/_form.html.erb (0.9ms)
  Rendered cats/new.html.erb within layouts/application (8.9ms)
  [1m[36mUser Load (0.4ms)[0m  [1m[34mSELECT  "users".* FROM "users" WHERE "users"."session_token" = $1 LIMIT $2[0m  [["session_token", "LRVPuQufihBG1HHzrgg7pA"], ["LIMIT", 1]]
  ↳ app/controllers/application_controller.rb:17
Completed 200 OK in 46ms (Views: 32.5ms | ActiveRecord: 5.1ms)


Started POST "/cats" for 127.0.0.1 at 2019-02-25 12:49:38 -0800
Processing by CatsController#create as HTML
  Parameters: {"authenticity_token"=>"vJRxR6JFnuMHLuVN0zjyDC2BDk4cvZm7Rma/uQHhGEhX4np7yfrOJQRmgqW03JHiHX8SzpBZ+tzsis8YwFeQ/g==", "cat"=>{"name"=>"Earl1", "birth_date"=>"2011-07-14", "color"=>"black", "sex"=>"M", "description"=>"Old and gentleman"}}
  [1m[35m (0.8ms)[0m  [1m[35mBEGIN[0m
  ↳ app/controllers/cats_controller.rb:21
  [1m[35m (0.2ms)[0m  [1m[31mROLLBACK[0m
  ↳ app/controllers/cats_controller.rb:21
Completed 500 Internal Server Error in 15ms (ActiveRecord: 1.0ms)



NoMethodError - undefined method `cat_id' for #<Cat:0x00007f9710e6b6b8>:
  app/controllers/cats_controller.rb:21:in `create'

Started POST "/__better_errors/b749efd601b781ed/variables" for 127.0.0.1 at 2019-02-25 12:49:38 -0800
